18319
19938
21649
24034
27317
29147
30696
30514
30220
31076
32013
32421
32679
32355
33132
33651
33981
34526
34700
35189
35523
36269
36671
36430
37429
37526
38045
38827
39088
39555
39809
40898
40727
41117
42156
42292
42912
42679
42944
43405
44101
45120
45524
45767
45629
45731
46978
47025
47413
47503
48616
48828
49834
49358
49432
50722
50756
51192
51422
51616
52211
52215
53203
54490
53761
53797
54415
55133
55550
55873
56002
56656
57063
56993
57339
58471
58474
58642
59107
59877
59523
60442
60789
60914
61932
61533
62386
62456
63097
63028
63945
64284
64081
64470
65396
65669
65206
66081
66547
66920
18348
21359
22291
24970
27222
28890
28640
29196
29336
30055
30092
30432
30821
31157
31688
32216
33215
33040
33419
34046
34556
34763
35583
35773
36142
36491
37317
37155
38219
37895
38459
38963
39133
39718
39981
40542
41212
41430
41944
42038
42495
42668
43768
43912
44390
44258
44486
45605
45686
46216
46647
46972
47731
48107
48200
48777
48964
49477
50416
49977
51000
51026
51378
51572
52095
52433
53337
53330
53384
54422
54714
54726
55049
55594
56162
56581
56481
56815
57715
58092
57857
58065
58754
59021
59477
60300
60579
60648
60805
61099
61524
62015
62233
62635
63657
63218
63537
64156
64139
64705
12481
15011
16828
19480
22277
25106
26869
26866
27488
27547
27979
28285
28729
28899
29846
29785
30361
30991
31380
31669
32112
32716
32856
33225
33460
34013
34280
34751
35100
35592
35817
36788
36810
37152
37424
38107
38236
39107
38964
39276
40042
40149
40464
41225
41580
41709
42368
42861
43012
43281
44074
44336
44476
44924
45198
45429
45923
46220
46808
47100
47406
47893
47963
48346
48881
48899
49552
49752
49964
50536
50903
51206
51230
51495
51727
52242
52731
53275
53415
53739
53918
54083
54391
54718
55227
55273
55764
56150
56665
56871
57261
57221
57655
57985
58122
58537
58693
58939
59494
59769
15760
17841
19907
22840
25471
25449
26282
26682
27343
27599
27471
28240
28511
28456
28923
29021
29553
29838
30370
30375
30972
31263
31395
31845
32514
32917
32778
33342
33439
34030
34473
34486
34933
35462
35969
36004
36488
37282
37296
37434
38110
38233
38725
39109
39101
39537
40143
40317
40339
40747
41208
41692
42202
42206
42450
42735
43038
43418
43793
43896
44290
44581
45223
45549
45513
46022
46374
46798
47036
47572
47866
47905
48443
48685
49060
49462
49654
50231
50348
50613
51159
51503
52105
52002
52263
52506
53137
53189
53622
53729
54163
54729
54678
55239
55686
56115
56460
56927
57313
57304
13686
16427
18558
20841
21898
22103
22421
22638
22913
23356
23594
24068
24464
24817
25477
25685
26226
26334
27074
27134
27553
28183
28388
28896
29070
29522
29885
30396
30460
31167
31599
31741
32261
32309
32611
33234
33443
34151
34240
34501
35258
35326
35881
36417
36442
36914
37374
37838
38203
39011
39256
39846
40156
40816
40941
41507
42053
42380
43011
43676
44450
44804
45513
46171
46664
47644
47790
48881
49308
50127
50341
51062
51434
51929
52452
52935
53707
53848
54712
55103
55610
55989
56513
56680
57128
57450
57895
58509
58752
59069
59685
59890
60190
60418
61003
61309
61613
61962
62482
63001
15960
18839
21287
23093
24611
24642
25273
25552
26038
26516
26873
27356
27516
28068
28644
28732
29161
29500
30021
30541
30817
31380
31866
32121
32729
32738
33630
33688
34308
34723
34648
35315
35495
36195
36596
37080
37490
37660
38119
38883
39318
39615
39745
40711
40498
40940
41659
41762
42267
42351
43092
43350
43532
43919
44103
44734
44727
45500
45604
45969
46423
46891
46955
47572
47894
48051
48161
48541
49229
49085
49543
49866
50590
50900
51118
51584
51919
51994
52891
52871
53202
53544
53574
53766
54472
54465
55125
55577
55811
56226
56048
56799
57192
57438
57280
57999
57823
58295
58798
58916
15758
19436
20988
22743
23908
23923
23524
24021
24154
24552
24830
25725
25733
25991
26538
26681
27420
27571
27811
28021
28380
28737
29098
29816
30061
30679
30467
30939
31160
31455
32094
32495
32542
33040
33207
33861
34062
34250
34595
34793
35365
35728
35917
36165
36293
36930
37190
37634
37810
38422
38691
38634
38761
39430
39948
39895
40252
40411
41029
41289
41377
41709
42018
42635
42850
43203
43285
43785
44161
44382
44577
45071
45375
45675
46000
46603
46791
46730
47308
47641
48067
48234
48323
48589
48966
49600
49767
50113
50342
50562
50973
51067
51638
51712
52195
52308
52513
52997
53053
53404
14388
16598
19191
21219
22132
22418
22746
23086
23673
23943
24612
24823
24981
25319
25756
25917
26059
26474
26989
27091
27834
28020
28475
28770
28932
29511
29720
30103
30708
30801
31360
31351
31872
32175
32486
32989
33077
33487
34188
34394
34678
34785
35144
35577
36052
36058
36467
37130
37452
37437
37880
38566
38667
38748
38951
39243
39842
40267
40405
40845
40929
41321
41412
41681
41972
42712
42892
42853
43439
43593
43882
44059
44400
44691
45165
45448
46003
46489
46503
46974
47208
47498
47775
47766
48421
48751
49102
49077
49309
49921
50235
50582
50593
51023
51394
51589
51833
52216
52586
52643
15708
18073
20547
21974
22321
22832
23126
23343
23638
23806
24327
24695
24806
25281
25769
26176
26383
26633
27141
27355
27831
28481
28818
28954
29644
29815
30233
30782
30946
31615
32007
32366
32714
33434
34368
34693
34498
34695
35040
35494
36003
36347
36547
36995
37533
37469
37823
38371
38886
38796
39198
39485
39787
39995
40297
40698
41166
41164
41636
41757
42274
42233
42644
43130
43161
43568
43788
44020
44307
44784
44930
45462
45737
45880
46060
46581
47110
47447
47449
47669
48058
48308
48567
48712
49115
49887
52082
52656
52444
52889
53119
53465
53686
54134
54459
54698
54941
55218
55570
55826
15149
17285
19648
21305
22477
22984
23214
23321
23580
23776
24155
24477
24936
25168
25665
25981
26420
26403
26827
27257
27497
27966
28346
28617
28671
29185
29324
29939
29942
30529
30834
31269
31461
31778
32092
32745
32877
33236
33472
33827
34009
34574
34791
34886
35505
35808
35959
36122
36530
37185
37394
37549
37861
38199
38635
38730
39138
39342
39506
40179
40085
40285
40514
41124
41122
41548
41750
41959
42263
42560
42950
43164
43661
43784
43884
44287
44612
45093
45418
45283
45927
45838
46367
46399
46759
47092
47342
47576
48152
48198
48407
48647
48992
49325
49960
49821
50057
50447
50759
50887
14812
18723
21000
25183
25834
27181
27221
27486
27784
28345
28352
28910
29128
29680
30076
30133
30943
31426
31388
32096
32079
32851
33371
33410
33823
34201
34842
35071
35844
35969
36321
36764
37289
38091
38409
38410
38426
38780
39294
39613
40148
40301
40712
41438
41516
41760
42196
42630
42946
43282
43689
43944
44254
44465
45019
45276
45822
46350
46512
46959
47273
47559
48004
48355
48784
49197
49581
49859
50153
50868
51137
51436
51915
52214
52335
53156
53167
53582
53684
54306
54385
54954
55169
55588
56188
56704
56988
57447
57900
58032
58492
58993
59512
60044
60327
60916
61072
61684
61783
62101
12803
14951
17907
19853
22273
25297
26806
27375
27669
28395
28874
29127
29438
29557
30138
30304
31057
31536
31602
32544
32362
32862
33501
33619
34665
34650
35607
35546
36047
36429
36819
37696
38732
38892
39508
39642
40426
40684
41252
41752
42138
42411
42672
42994
43635
43946
44546
44385
44878
45313
46015
46250
46615
46938
47132
47837
48375
48372
49351
49604
49616
50012
50397
50716
51369
51420
52315
52304
52711
53076
53829
53963
54611
55153
55647
56270
56673
56714
57296
57513
57762
58358
58974
59087
59682
59984
60592
60823
61121
61547
61903
62305
62753
63025
63157
63725
63917
64685
64871
65209
15091
17387
20645
23568
25930
26177
26758
27191
27586
28019
28500
28872
29091
29777
30260
30395
30939
30998
31589
31885
32346
32622
33009
33383
33668
34425
34495
35081
35405
36257
36656
37007
37330
37727
37967
38486
38682
39194
39633
40166
40737
41190
41545
41567
42084
42529
42934
43443
44574
44523
44880
45349
45687
46197
46305
46911
47180
47516
47861
48195
48551
49084
49498
49754
50535
50771
50934
51316
51692
51989
52273
52637
53234
53552
53744
54659
54748
55035
55634
55978
56602
57046
57479
57765
58025
58464
58772
59092
59498
60144
60534
60750
61131
61584
62106
61982
62395
62832
63094
63265
14428
16800
19442
21992
23624
24538
24916
25157
25491
25727
26260
26256
26882
26896
27340
27753
27915
28369
28779
29357
29749
30063
30625
30590
31300
31674
31852
32260
32375
32483
32867
33522
33623
34288
34419
34620
34950
35580
36162
36625
37062
36987
37193
37593
38013
38647
38403
39269
39306
39488
40105
40459
40622
40786
41290
41728
42119
42098
42510
42740
43054
43379
43924
43923
44236
44871
45047
45261
45772
45862
46190
46676
46897
47391
47798
47744
47998
48353
48713
49034
49682
49492
50315
50567
50986
51119
51415
51923
52217
52261
52579
52795
53292
53564
53895
54157
54493
55072
55842
56263
19229
21949
24139
26174
26534
26818
27006
27344
27581
27879
28210
28741
29332
29656
29810
30429
30719
30855
31358
32003
32160
32338
32849
33083
33395
34120
34151
34403
34736
35202
35292
35999
36101
36597
36932
37426
37441
38180
38086
38434
39090
38974
39562
39725
40172
40480
40971
41276
41799
42157
42090
42400
43139
43211
43411
43816
44231
44644
45080
45160
45622
45989
46424
46656
46878
47509
47550
48182
47951
48398
48988
49308
49379
49730
50027
50513
50831
51134
51649
51794
51950
52659
52507
52970
53174
53559
54153
54337
54654
54723
55060
55678
55803
55968
56625
57038
57269
57239
57553
57884
7819
8422
8444
10639
13553
15381
17188
19466
21656
23710
24193
24296
24659
25150
25323
25965
26233
26721
26882
27505
27718
28042
28319
28604
29140
29306
29845
29987
30167
30863
31139
31747
31713
32058
32363
32933
33160
33670
33786
33988
34342
34904
35059
35421
35722
35957
36127
36483
36755
37209
37727
37800
37973
38399
38717
39087
39655
39899
40077
40504
40825
41335
41388
41867
42354
42594
42836
43479
43631
43917
43922
44429
44767
45235
45147
45499
45869
46196
46544
46740
47359
47495
47965
48062
48419
48569
48831
49040
49666
49812
50131
50517
50806
51116
51372
51560
51769
52363
52310
52756
9679
11255
12943
15770
18006
20710
22168
23998
25087
25250
25484
26233
26053
26492
27347
27439
27886
28259
29003
29317
29285
29581
29828
30230
30911
30843
31177
31556
32093
32093
32889
32702
33086
33489
33692
34015
34458
34898
34947
35704
36167
36005
36818
36793
37017
169582
170121
170446
170998
171022
171636
171992
172154
172634
172923
173251
173533
174015
174432
175145
175198
175519
175668
176376
176587
176713
177280
177630
177809
178608
178511
178935
179434
179634
180098
180648
180906
181120
181572
182276
182301
183007
183591
183717
183850
184544
184858
185312
185599
186052
185987
186516
186739
187213
187596
187900
188143
188453
188398
188882
16774
19731
22174
23920
25535
25714
25785
26090
26370
27046
27243
27665
27928
28188
28468
29039
29096
29685
29966
30237
30648
31016
31320
31525
31653
32197
32459
32791
32914
33192
33576
34292
34580
34594
35146
35184
35812
36192
36562
37374
37498
37980
37959
38427
38548
38881
39261
39674
40190
40275
40717
40715
41180
41286
41969
41872
42202
42656
42900
43453
43354
43681
44081
44401
44414
44906
45508
45594
45647
45954
46309
46340
46959
46982
47549
47664
48475
48258
48535
48885
49114
49467
49723
49773
50147
50502
50721
50954
51481
51590
52010
52069
52478
52998
53055
53227
53754
53743
54146
54316
14009
15803
17953
19889
21674
22252
22359
22899
22682
23014
23550
24077
24071
24509
24776
25023
25249
26041
26137
26660
26870
27186
27288
27794
28209
28363
28514
29144
29226
29381
29836
30053
30761
30746
31144
31509
31688
32099
32229
32514
33069
33099
33528
33863
33953
34450
34714
35166
35183
35559
36068
36116
36396
36599
37114
37247
37793
37775
38370
38814
38644
39223
39368
39660
39856
40379
40445
40633
41084
41434
41749
41734
42379
42371
42863
43053
43111
43825
43916
43950
44451
44908
44933
45034
45447
45525
45843
46163
46502
46712
47041
47262
47567
47890
48117
48370
48911
49015
49291
49526
16218
18487
20827
23233
23455
23726
23729
24222
24512
24856
25173
25752
25884
26330
28843
29311
29506
29783
30072
30434
30668
31380
31588
31701
32064
32462
32843
33251
33546
34005
34289
34600
34827
35151
35627
35847
36157
36417
36934
36995
37306
37667
37877
38014
38392
39053
39474
39530
40004
40301
40750
40659
41059
41120
41680
41893
42162
42450
42697
43013
43346
43614
43863
44138
44451
44856
45015
45595
45649
46073
46147
46438
46689
47131
47576
47608
47861
48212
48639
48696
49049
49316
49835
49787
50205
50327
50550
50872
51156
51430
51689
51948
52237
52613
52781
53057
53326
53602
53868
54256
13719
15450
17801
19811
21159
21448
21759
22034
22386
22522
22806
23331
23729
23923
24240
24535
24994
25361
25567
25877
26045
26394
26949
27131
27395
27839
28200
28339
28780
29195
29332
29665
29862
30231
30545
30855
31183
31615
31731
32294
32405
32680
32903
33211
33601
34027
34034
34436
34783
35069
35440
35641
35844
36186
36528
36759
37086
37416
37619
37865
38227
38546
38767
38984
39383
39529
39924
40339
40449
40850
40909
41118
41431
41708
41922
42584
42645
42932
42986
43513
43733
44017
44342
44628
45021
45324
45556
45782
46017
46890
46626
49219
49092
49144
49119
49183
49252
49059
49332
49189
10505
12345
14434
16280
18423
20868
21947
22260
22498
22461
22845
23148
23392
23846
24010
24379
24706
25520
25489
25918
25949
26238
26357
26819
27375
27743
28007
28385
28455
28801
28921
29169
29499
30081
30277
30580
30847
31075
31374
31997
32298
32458
32758
33358
33413
33902
33934
34209
34575
35199
35326
35552
35746
36164
36579
36534
37152
37289
37867
37899
38442
38976
38955
39334
39727
40137
40405
40720
41067
41109
41417
41785
42422
42649
42919
43105
43539
43836
43948
44298
44854
45051
45428
45781
46056
46073
46771
46831
47129
47590
47878
48155
48589
48893
49257
49680
49875
50210
50452
50818
15305
16990
19371
20953
23083
24074
24106
24273
24694
25087
25942
26364
26165
26832
27115
27055
27465
28113
28497
28771
28753
29351
29490
29774
30007
30720
30685
31027
31697
31759
31935
32384
32771
32921
33536
33503
34040
34558
34869
35277
35729
36053
36316
36360
37191
37114
38099
37859
38007
38470
38800
39164
39278
39584
40231
40697
40703
41352
41362
41633
41917
42323
42681
42859
43023
43355
44017
44250
44653
44619
45098
45551
45950
46315
46720
46848
47170
47425
47763
48383
48439
48905
49424
49476
49647
49886
50559
50957
51060
51357
51582
51965
52102
52491
52653
53036
53230
53659
53816
54133
16106
18911
21029
23012
23815
23851
24287
24755
24836
24834
25461
25628
26435
26384
27157
27327
27890
27936
28166
28810
28746
29162
29478
29760
30390
30837
31057
31186
31672
31852
32311
32783
33432
33428
33613
33953
34304
34527
34852
35221
35885
36188
36496
37128
37093
37562
37793
38309
38457
38904
39098
39557
39722
40395
40437
41056
41034
41494
41931
41979
42720
42815
43121
43557
43800
44331
44637
44538
44915
45507
45750
46038
46574
46653
47088
47539
47834
48040
48349
48787
48783
49438
49544
49913
50194
50461
50749
50977
51328
51455
51962
52168
52583
52670
53095
53150
53386
53719
54014
54318
15431
17835
20200
22397
23443
23599
23549
23807
24461
24492
24982
25445
25480
25909
26322
26716
26840
27022
27495
27956
28255
28520
28821
29282
29459
29584
30201
30297
30660
30959
31506
31898
32252
32455
32479
32651
32968
33354
33922
34114
34375
34689
35023
35284
35578
35851
36379
36733
36790
37069
37370
37545
38048
38391
38742
39188
39093
39530
39907
40089
40356
40529
40903
41226
41578
42099
42106
42294
42534
42779
43058
43356
43635
43877
45033
45073
45046
45304
45327
46052
45921
46512
46907
46861
47258
47538
47804
48326
50643
50665
50509
50666
50691
51284
51331
51686
51903
52016
52466
52667
8866
9051
11771
11741
13714
14667
14828
15485
15582
16538
16475
17330
17693
18338
24441
24760
24896
24667
24702
25135
26681
27776
28141
28658
29594
29473
30002
30751
30842
31126
31713
32276
32343
32731
33072
33970
34185
34187
34549
35246
35506
36230
36212
36804
37262
37324
37734
38043
38511
38635
39504
39474
39756
40016
40311
40792
41311
41679
42105
42135
42692
42947
43104
43500
43688
44092
44763
45115
45529
45748
45904
46392
46859
47197
47676
48000
48030
48398
48850
49302
49555
50511
51153
51609
52012
52293
52635
52921
53350
53698
53821
54372
54510
55221
55448
55909
55782
56301
56517
56878
9232
9567
9623
9839
10163
10663
13585
15492
17257
22422
24208
25877
27911
28154
28176
28547
28989
29244
29513
29911
30353
30677
30935
31802
31972
32468
32731
33009
33246
33714
34015
34400
34623
35210
35417
36008
36179
36753
37093
37604
37614
37809
38289
38604
38777
39249
39648
39943
40450
40690
40741
41209
41511
42903
43001
43507
44061
44275
44540
44526
45081
45171
45585
45802
46208
46716
46996
47189
47389
47599
48040
48301
48727
49221
49280
49563
50063
50348
50557
51034
50995
51650
51855
52208
52137
52625
52967
53315
53542
53894
54304
54469
55060
55044
55573
55656
56129
56562
56665
56985
14880
16706
18650
20824
21937
22390
22633
22869
23187
23425
23776
24005
24524
24756
25113
25033
25597
25772
26156
26415
26977
26960
27395
27750
27983
28318
28650
28899
29302
29631
29939
30267
30447
30801
30947
31146
31627
32025
32165
32672
32961
33218
33316
33656
34115
34407
34679
35077
35337
35439
35905
36101
36392
36723
37017
37343
37621
37639
38112
38262
38708
38990
39129
39261
39810
39935
40124
40636
40965
40987
41179
41688
41989
43504
57100
66088
67179
67183
68089
67961
68169
68204
68179
68491
69901
69940
70286
70961
70831
71271
71626
71975
72443
72527
72942
73352
73295
73724
73942
74282
10030
15619
16217
17270
20804
25742
26111
25717
25777
25911
26416
26236
27311
27406
27709
27761
28699
28432
29098
36643
36704
36440
36976
36638
36822
36787
36813
37006
36874
37201
37268
37215
37527
38776
38661
38693
38699
38883
38939
39076
39027
38991
39062
39021
39090
39434
39153
39501
39785
39675
39911
40131
40518
40906
41452
42089
42426
42662
42834
42922
43556
43806
44230
44549
45211
45397
45587
45748
46252
46306
47560
47442
47531
47804
48291
48126
48782
48706
49322
49660
49884
50124
50677
50919
51169
51465
51875
52495
52663
53371
53574
53847
54110
54201
54834
54745
55067
55390
55849
56053
15283
17409
19647
21707
23053
23344
23689
23623
24140
24433
25008
25284
25820
25874
26327
26515
27110
27370
28052
28187
28147
28574
28909
29361
29772
30033
30478
30807
30980
31358
31595
32422
32447
32794
33230
33415
33796
34330
34876
35011
35295
35971
36021
36338
36756
37002
37667
38122
38018
38364
38822
38964
39421
39627
39714
40047
40482
41120
41393
41807
42093
42268
42619
42957
43133
43074
43423
43788
44239
44708
44730
45090
45059
45782
45594
45914
46213
47041
47127
46973
47510
47647
48274
48409
48614
48771
48925
49410
49527
50100
50220
50303
50574
51038
51322
51138
51491
51726
51897
52102
12793
14239
15752
17898
20242
22294
23988
24237
24444
25267
25141
25860
25927
26528
27100
27432
27703
28038
28539
28960
29206
29348
29671
29949
30277
30839
31182
31474
31764
32294
32793
32954
33247
33561
34018
34332
34951
35132
35461
35691
36071
36351
36953
37386
37524
37994
38155
38612
38962
39154
39579
39899
40063
40636
40640
40856
41305
41884
42266
42343
42721
43080
43301
43662
44072
44352
44861
45091
45366
45742
46058
46164
46686
47063
47525
47963
48073
48703
48825
49154
49528
49684
50075
50336
50579
50845
51157
51507
52020
52190
52428
52765
53130
53258
53773
53975
54486
54615
54922
55143
14227
16788
19301
20964
21722
22239
22484
22644
22652
22945
23345
23660
24238
24447
24812
25081
25537
25893
26334
26899
27267
27703
27983
28461
28643
28922
29562
29680
30040
30701
30892
31159
31362
31924
32347
32404
32905
33246
33595
33948
34166
34575
34926
35227
35591
36160
36370
36788
37065
37249
37642
37641
38398
38507
38836
39368
39502
40078
40446
40700
41041
41201
41798
42012
42297
42569
42832
43504
43876
43914
44842
44912
45293
45829
46166
46362
46439
46865
47250
47574
47660
47951
48380
48510
48811
49398
49394
49833
50066
50592
51215
51193
51678
51772
52232
52516
52779
52775
53124
53428
14291
16661
18762
20717
22506
23619
23845
24137
24509
25073
25358
25937
26222
26398
26669
27281
27660
27802
28049
28368
28552
28920
29183
29700
29961
30556
30794
31071
31490
31406
31801
32426
32563
32888
33166
33251
33559
34277
34599
34618
34862
35040
35295
35680
36116
36664
36427
37003
37295
37700
37872
38213
38545
38601
39008
39475
39456
40011
40212
40377
40536
41104
41382
41518
41703
41990
42361
42484
43012
43084
43387
43531
43993
44264
44646
44649
44860
45376
45724
45677
45886
46252
46666
46851
47110
47306
47895
48154
48247
48574
48663
49042
49365
49503
49971
50021
50625
50730
50778
51055
11380
13073
14762
16534
18850
21163
22372
23457
23719
24150
24199
25022
25023
25885
25930
26023
26420
26963
27433
27485
28235
28464
28635
29495
29312
30049
30416
30675
31015
31257
31572
32155
32368
32813
33108
33855
34017
34227
34809
35275
35610
35915
36647
36762
37143
37454
37797
38209
38460
38941
39055
39568
39649
40483
40536
40955
41521
41426
41756
42408
42737
42832
43321
43664
44197
44054
44464
44834
44957
45551
45650
46185
46269
46620
46908
47409
47602
47794
48010
48573
48683
49016
49375
49679
49986
50315
50819
51057
51615
52111
52252
52487
52826
53126
53518
53622
54063
54119
54589
54754
14877
16648
18719
20984
22629
22506
22920
23088
23357
23696
24331
24599
166117
166187
166663
166847
167357
167438
167983
168277
168302
168653
169243
169320
170038
170005
170723
170768
171404
171568
171763
172294
172473
172884
173225
173600
173796
174293
174854
174984
175208
175375
176105
176150
176721
177185
177319
177880
177835
178491
178629
178902
179018
179679
179996
180017
180571
180715
181624
181787
182209
182677
182698
183077
183633
183713
184053
184443
184830
185083
185192
185509
186072
186422
186864
187228
187330
187651
188091
188217
188567
188866
189315
189726
190102
190278
190684
191254
191776
192180
192433
192615
192930
193616
193826
194033
194325
194708
194842
195240
16302
18248
20912
22515
23085
23272
23582
24291
24902
25258
25909
26077
26893
27043
27531
28080
28294
28503
28991
29358
29590
29767
30288
30433
30898
31112
31733
32448
32791
32973
33514
33491
34002
34288
34424
34893
35424
35879
35975
36402
36682
37041
37387
38100
38178
38571
38759
39335
39338
39922
40080
40490
40595
41228
41626
41765
42099
42321
42837
43050
43286
43492
43729
44181
44775
45137
45203
45814
46075
46404
46762
47366
47384
47826
47793
48069
48668
48869
49182
49334
49845
50138
50564
50941
51136
51556
51728
52123
52746
53127
53203
53404
53706
54255
54389
54582
54886
55153
55447
55859
15138
17339
20037
21946
23591
23294
23687
24259
24754
25011
25392
25521
26594
26517
26710
27193
27911
28062
28434
29036
29436
29326
30151
30546
30948
31134
31836
31764
32286
32905
32748
33103
33736
34287
34064
34518
35044
35382
36014
35889
36543
37096
37210
37480
38053
38559
38385
38734
39081
39528
40187
40050
40661
41036
41449
42003
42275
42789
43250
43422
43630
43725
44087
44723
45226
45029
45607
46166
46286
46462
46805
47143
47553
47795
48229
48479
48744
49335
49676
49620
50000
50593
50725
51263
51603
51914
52222
52578
52907
53136
53078
53336
53926
54310
54214
55079
54815
55028
55314
55758
13637
15559
17801
19972
21738
22142
22172
22915
23132
23158
23926
23997
24521
24839
25234
25436
25913
25975
26471
26661
27167
27486
28027
28427
28708
28761
29257
29894
29837
30646
30678
30804
31395
31536
31672
32214
32292
32875
33208
33584
33880
34318
34591
35020
35350
35354
35895
36209
36473
37046
37014
37422
38023
38110
38517
38735
38893
39346
39706
40186
40297
40583
40816
41277
41574
41837
42041
42355
42773
43155
43293
43812
44147
44343
44717
44895
45710
45519
45856
46060
46581
46870
47290
47393
47606
48059
48288
48630
49242
49490
49723
49979
50215
50598
50889
51242
51322
51597
52062
52104
12613
14069
16087
18931
21450
23778
24177
24607
24761
25469
25677
25718
26230
26460
27017
27203
27865
27973
28524
29086
29353
29679
30038
30253
30578
31085
31441
31780
32072
32411
32956
33061
33768
34054
34459
34801
34987
35342
35461
35884
36493
36814
36962
37466
37767
38085
38480
38818
39178
39305
39536
40106
40429
40846
41154
41048
41680
42021
42221
42791
43059
43262
43683
44349
44360
44766
45164
45400
45748
45953
46165
46789
46745
47319
47581
47833
48116
48545
49033
49372
49894
49869
50545
50683
50863
51186
51584
51687
52145
52467
52638
52998
53394
53758
54063
54497
54961
55132
55469
55612
10941
13893
15694
17588
19653
21459
23419
23823
24048
24429
24760
25354
25510
25555
26059
26153
26857
27192
27714
27656
28213
28198
28954
28929
29524
29633
30445
30388
30608
31137
31416
31475
31859
32353
32469
32807
33344
33663
33638
33820
34403
34523
35076
35362
35528
35728
36063
36709
36848
37030
39488
39797
40192
40411
40778
41119
41669
41580
41892
42226
42561
42993
43398
43495
43843
43951
44310
44629
44890
45568
45441
45621
46098
46419
46668
47012
47281
47923
48028
48336
48854
49189
49323
49792
50043
50328
50735
51061
51188
51634
51935
52379
53648
53608
53638
53766
53621
54049
54268
54306
14825
16656
19279
20845
21275
21769
22312
22001
22871
23087
23453
23773
24150
24439
24765
25211
25672
25787
26224
26372
26616
26915
27291
27763
28133
28299
28577
29011
29228
29624
29979
30520
30779
30957
31294
31614
32147
32285
32628
32703
32984
33378
34005
33996
34336
34877
34954
35401
35627
36181
36203
36556
36695
37369
37702
37920
38161
38685
38973
39336
39649
39640
40167
40413
40478
41018
41116
41694
41733
42050
42474
42723
43042
43117
43459
43789
44026
44441
44888
45050
45366
45658
45962
46226
46317
46677
46825
47208
47390
47873
47980
48487
48478
48982
49037
49290
49555
50052
50077
50384
14707
16740
18461
20805
20912
21202
21376
21646
21911
22424
22555
23166
23208
23848
24269
24298
24951
24922
25779
25859
26537
26467
26937
26954
27452
27654
28025
28638
28892
28953
29400
29569
30006
30336
30758
31006
31212
31760
31911
32152
32367
32805
33125
33210
33611
33744
34656
34684
34926
35152
35782
35692
35972
36465
36678
36789
37381
37382
37987
38343
38370
38920
38952
39188
39530
39948
40141
40649
41118
40952
41249
41759
41817
42309
42207
42547
42888
43114
43456
43569
43973
44315
44539
45267
45373
45651
45936
46244
46462
46942
47313
47585
47886
47924
48205
48486
48775
48955
49292
49701
