14385
16229
18366
20726
22970
25634
26001
26489
26589
27745
27801
28201
28190
28911
29545
29671
30196
30400
31390
31764
31998
32006
33061
33643
33368
34061
34771
34828
35353
35918
36162
37168
37603
37746
38661
38657
39329
39345
40414
40645
40967
41366
41610
42589
42889
42952
43850
43858
44173
44966
45607
45531
45796
46799
47497
47241
47454
48413
48402
48520
48952
49316
49493
50091
50641
50999
51582
51592
52167
52630
53004
53416
53792
53918
55056
55239
55207
55447
56168
56374
56750
57479
57002
58045
57970
58575
58278
59092
58857
59521
59965
60588
61005
60813
61047
61750
62311
62666
62869
63247
16860
19046
22205
25365
27214
27973
28359
28947
29848
30134
30290
30956
31578
31683
31495
31993
33054
32951
33393
33626
33944
34656
35282
36146
35931
36575
36687
37680
38124
38522
40028
40910
41299
40840
42107
42116
43225
43516
43855
44244
44302
44719
44848
45416
45765
46063
46220
46931
47365
47837
48597
48902
49780
49956
50078
50807
51004
51309
51661
52104
52389
53446
53426
54035
54202
54269
55050
55039
56283
55824
56327
56601
57437
57705
57913
58075
58560
59634
59717
59788
60486
60211
60819
61488
61442
62265
62490
62822
63049
63820
63452
64170
64602
64365
65327
65600
65767
66445
66357
67306
15763
18551
21473
23639
26227
26361
26987
27226
27556
28256
28482
28876
29190
29888
30111
30396
30894
31336
31966
32429
32884
33441
33572
34089
34306
34757
35405
35566
36044
36403
36675
37374
37571
37925
38188
38811
39056
39287
40034
39986
40814
40873
41334
41819
41828
42573
42869
43018
43413
43816
44136
44527
44720
45445
45726
46325
46598
47077
47284
47448
47927
48096
48641
48808
49205
49458
50001
50189
50766
51153
51342
51511
51977
52184
52358
52981
53109
53321
53763
53992
54226
54568
54889
55336
55695
56047
56377
56748
56893
57349
57654
57863
58128
58409
58782
59026
59235
59545
59962
60145
12857
14612
16888
19378
21502
23349
24585
24500
24868
25129
25575
25900
26104
26841
26924
27160
27481
28156
28192
28555
28657
29224
29498
29863
30275
30589
31223
31375
31731
32025
32532
32448
32896
33183
33607
34240
34728
34929
35241
35784
35913
36182
36453
36855
37453
37548
37626
38376
38411
38880
39028
39268
39951
39977
40727
41169
41459
41269
41746
42201
42783
42773
43201
43341
43585
44099
44161
44904
44827
45675
45457
46063
46346
46444
47131
46983
47858
48025
48360
48269
49100
49364
49498
50038
49904
50436
50523
50831
51493
51756
51819
52194
52642
52788
53017
53593
54107
54193
54858
54890
14733
17269
18797
20769
22454
22938
23460
23830
24179
24209
24576
25178
25168
25727
25821
26299
26690
26894
27123
27484
27836
28079
28514
28628
29111
29408
29741
29983
30265
30713
31135
31108
31549
31867
32141
32390
32660
33062
33294
33760
33735
34242
34630
34828
35064
35450
35749
36167
36325
36643
37080
37279
38016
38083
38382
38692
38951
39390
39659
39737
40031
40505
40695
40876
41192
41518
42064
42201
42648
42659
42918
43285
43754
43965
44150
44396
44614
45007
45218
45458
45854
45973
46405
46591
46753
47432
47349
47629
47884
48143
48461
48724
48945
49224
49442
49825
49928
50285
50574
50978
11469
13982
15053
17093
19247
21532
22293
22469
22901
23211
23725
23851
24377
24590
24957
25344
25696
25921
26567
26712
26941
27455
27642
27932
28387
28587
28799
29461
29474
29939
30407
30544
30943
31200
31441
31839
32342
32275
32809
33031
33124
33646
33844
34252
34350
34917
35012
35395
35978
35939
36268
36583
36830
37188
37561
37660
38102
38500
38635
38826
39284
39456
39746
40121
40147
40510
40936
41221
41382
41821
42230
42405
42554
42981
43360
43665
43617
44278
44323
44515
44802
45382
45525
45680
46223
46456
46674
46772
47235
47618
47707
47725
48062
48286
48567
48985
49145
49187
49655
50004
11325
12807
14699
16721
18877
20916
21124
21496
21661
22298
22489
22805
23258
23643
23703
24227
24321
24613
25151
25444
26032
26453
26607
26967
27523
27375
27859
28077
28836
28762
29063
29519
29557
30274
30411
30550
30905
31352
31640
32165
32472
32779
33069
33436
33610
33911
34262
34370
34703
35220
35339
35909
36006
36649
36657
37078
37360
37815
38191
38614
38464
38997
39167
39667
39810
40017
40550
40724
41251
41328
41832
42127
42494
42883
43303
43394
43602
43898
44285
44541
44736
45102
45774
45946
46297
46198
46488
46987
47237
47630
47843
48209
48413
48744
49040
49342
49610
50270
50435
50754
15582
17654
19730
21734
22756
23123
23112
23722
23694
24069
24296
24706
25114
25387
25879
26258
26302
26771
27343
27617
27711
28028
28655
28809
29273
29393
29540
30032
30341
30708
30923
31238
31808
31917
32321
32867
32927
33230
33568
33979
34557
34671
34829
35289
35448
35851
36126
36685
36790
37434
37898
37848
38231
38879
39183
39327
39677
39958
40152
40814
40750
40944
41670
41803
42220
42412
42865
43024
43367
43514
43855
44111
44425
44550
45034
45355
45664
45883
46252
46545
46995
47127
47464
47815
48032
48307
48892
48803
49162
49671
49807
50273
50773
51076
51433
51884
52051
52485
52769
52907
12196
27311
27371
26576
28766
28539
27097
28909
13342
20877
27389
23127
23520
28175
22005
23049
15484
28013
26457
22106
19436
22573
17556
29185
29646
29768
30135
30998
31305
31928
32207
32450
33278
33508
33689
34375
34437
34878
35302
35798
36299
36524
36821
37561
37691
38394
39026
39261
39590
39925
40325
40821
40958
41106
41769
42214
42543
42824
43181
43536
44036
44326
45059
45150
45566
46146
46684
47238
47291
47915
48138
48552
48812
49487
49634
49931
50426
50545
51208
51357
52032
52125
52282
52788
53295
53313
53928
54050
54231
54525
54786
55225
55452
55669
56031
56415
56666
56835
57443
57417
16864
19262
21254
23393
24035
24186
24597
24632
25184
25381
25639
26063
26709
26746
27260
27650
27776
28322
28590
28815
29260
29417
30100
30335
30822
31194
31500
32049
32495
32564
32856
33414
33650
33943
34572
34848
35270
35405
35755
36150
36556
36806
37154
37607
38153
38549
38562
39164
39286
39693
40131
41041
41012
41525
41902
42114
42498
42691
43073
43531
43829
44081
44314
44731
45071
45439
45683
45928
46323
46674
46900
47417
47667
47938
48323
48492
48752
49189
49579
49832
50288
50661
50699
51270
51396
51686
52029
52300
52685
52769
53260
53381
53755
54049
54211
54707
55283
55333
55480
55700
15709
17465
20044
21842
22240
22493
22744
23216
23766
24065
24224
24470
25198
26014
26204
26384
26776
27142
27518
28234
28197
28707
29022
29246
29704
30120
30505
31224
31012
31238
31744
32117
32421
32969
33319
33507
33695
34331
34332
36969
37185
37213
37178
37194
37090
37201
37471
37738
37949
38240
38447
38870
39200
39570
40001
40359
40552
40990
41062
41788
42279
42249
43107
43455
43603
43989
44292
44747
45136
45223
45785
46327
46325
46888
47208
50434
50428
50493
50770
50806
50952
51199
51108
51116
51381
52006
51857
52329
52694
54540
54485
54730
54694
54873
55028
55398
55495
55890
56113
56497
15539
18052
20870
23136
24665
26213
26890
27444
28035
28352
28520
29007
28891
29392
29668
30067
30204
30817
31253
31677
31943
32306
32401
32950
33364
33778
33932
34357
34793
35351
35345
36004
36317
36545
36743
37500
37673
38399
38358
38577
38888
39327
39534
40014
40497
40957
40860
41687
41680
41951
42282
42669
42827
43222
43446
43894
44668
44391
44922
45233
45431
45788
46276
46516
46641
47070
47413
47534
47661
48060
48342
48732
48941
49474
49331
49808
49879
50328
50676
50779
51007
51566
51710
51734
52185
52502
52723
52890
53119
53523
53524
53842
54304
54381
54741
54898
55111
55570
55819
56062
15391
17276
19157
21121
22320
22675
22899
23256
23648
24030
24312
24805
25166
25858
25974
26087
26899
27267
27554
27507
27985
28386
28484
28930
29332
29625
29909
30017
30331
30738
30884
31393
31588
31730
32337
32773
32633
33122
33574
33849
34017
34411
34408
34822
35175
35659
36145
36037
36367
36685
36914
37345
37599
38240
38358
38401
38899
39078
39589
39569
39842
40071
40745
40803
41109
41247
41633
41871
42230
42525
42800
43532
43409
43545
43854
44430
44469
44834
44838
45591
45551
45967
46029
46306
46697
47106
47071
47711
48035
48235
48301
48791
49206
49167
49474
49980
50327
50370
50585
50705
87970
90331
92304
94833
95655
95999
96379
96462
96815
97147
97520
97982
98344
98650
99230
99381
99925
100184
100403
100964
101065
101585
101811
102173
102520
102852
103131
103544
103786
104513
104704
104831
105085
105379
105650
106016
106317
106865
106975
107165
107493
108022
108423
108678
108987
109544
109702
110250
110170
110452
110876
111156
111427
111837
112042
112542
112615
113090
113238
113674
114115
114467
115024
115485
115468
115778
116040
116442
116753
116920
117282
117487
117720
118271
118530
118919
119056
119479
119891
120139
120452
120876
121067
121140
121518
121738
122166
122385
122716
122933
123508
123703
124188
124279
124601
124887
125477
125447
125733
125943
12908
49186
46700
40621
41150
17708
26844
28923
46920
29615
26706
30988
33822
27624
25312
49714
37988
38933
28758
47783
41331
41148
37738
35903
36986
47714
54318
36990
38588
30179
35076
26794
43011
26627
40517
34722
39777
28186
34060
32216
34978
29518
19474
27699
45165
35096
56599
37662
42726
42229
38250
44683
32816
39240
55495
45810
31299
44286
55539
39456
39897
29074
47309
48151
27321
43838
49736
49022
36600
58409
27991
46148
31241
32944
29906
45599
44554
30525
20981
59406
43463
49791
42037
37947
46405
55194
47927
42212
45220
41953
23186
35673
32269
48514
46239
43638
47071
33496
35492
48691
10423
10514
10624
11952
14810
16834
18337
21839
23914
25806
25894
25674
26753
26331
26704
26957
27299
28500
28896
28743
29089
29204
29989
29991
30171
31202
31982
31494
31756
32041
32588
33158
33864
34106
34408
34388
35196
35569
35808
36340
36599
36526
37122
37767
37626
38067
38599
39032
39274
39624
40205
40441
41113
40872
41198
42257
42418
42396
42598
43065
43446
44088
44036
44792
44986
44960
45768
45967
45941
45938
46913
46347
47581
47277
47469
47814
48187
48386
48735
54360
54631
55112
55864
55466
55944
56251
56922
56835
57664
57376
58003
57975
58898
58536
58806
59136
59349
59721
59883
60192
13656
15318
17673
21185
23728
25350
26566
27231
27543
28032
28209
28588
28857
29439
29572
29923
30463
30738
31078
31812
32076
32504
33032
33405
34030
34348
34898
35221
35774
36079
36347
36784
37463
37919
38406
38698
39263
39424
39787
40456
40568
40841
41477
41932
42683
42795
43111
43549
43881
44345
44902
45247
45572
45906
46492
46723
46850
47436
47987
48605
48799
49175
49759
50073
50195
50699
50985
51534
51905
52373
52549
53204
53688
53930
54254
54677
54782
55295
55719
55948
56247
56696
57053
57666
57753
58143
58491
58981
59301
59832
59950
60401
60662
61262
61420
61728
62402
62529
62854
63026
12430
14410
15756
18267
21151
23653
25169
25735
25900
26259
26874
26921
27331
28043
28747
29363
29566
30117
30659
30963
31429
31691
32375
32801
33804
34204
34642
35570
35323
35856
36501
36768
37133
37721
38283
38877
39368
39957
40505
40888
41119
41863
42042
42677
43494
44046
44529
44734
45169
45618
46023
46436
46878
47452
48263
48207
49093
49224
49450
49935
50311
50713
51364
51458
51794
52656
52600
53489
53658
54155
54689
54963
55270
55599
55931
56444
56730
57150
57594
57863
58311
58911
59012
59435
59772
60067
60479
60789
61130
61433
61748
62096
62385
62872
63529
63858
64073
64450
64739
65405
14248
15717
17675
19968
22065
24167
25269
25619
26000
26431
26451
26635
27236
27493
27787
28431
29103
29025
29537
29801
30045
30688
30968
31173
31342
31948
32240
32485
32946
33134
33438
33811
34270
34343
34742
35052
35584
35496
35846
36214
36357
36729
37203
37385
37616
37951
38529
38774
38921
39406
39684
39820
40247
40583
40736
41310
41298
41650
41767
42420
42510
42792
42941
43398
43529
44025
44184
44310
44865
45112
45404
45714
46009
46231
46681
46839
47049
47458
47835
48039
48455
48458
48719
49132
49359
49569
49894
50608
50858
50983
51197
51329
51586
52047
52293
52356
52881
52878
53510
53404
9751
12264
14105
15956
18616
20881
22563
22814
23073
23314
23481
23734
24222
24328
24935
25133
25400
25829
26092
26575
27012
27286
27448
27770
28240
28506
28724
29090
29409
29649
30142
30104
30530
30621
30986
31448
31659
32046
32449
32581
33017
33271
33660
33934
34181
34327
34613
35094
35367
35532
35799
36149
36412
36707
37150
37359
37579
37938
38174
38519
38863
39109
39426
39687
39970
40214
40393
40761
40995
41266
41694
41917
42138
42560
42898
43017
43432
43683
43895
44094
44522
44767
45011
45310
45716
46058
46034
46288
46610
46773
47147
47366
47725
47993
48217
48449
48658
49329
49593
49821
8474
12899
14756
17471
19533
21803
22762
23223
23278
23635
24018
24434
24528
24819
25074
25430
25882
26143
26511
26775
27124
27436
27774
28060
28599
28832
29046
29647
29900
30313
30443
30815
30890
31406
31639
31743
32121
32369
32917
32992
33324
33756
33919
34344
34354
34727
35113
35303
35699
35994
36255
36398
36921
36997
37481
37800
38121
38137
38483
38710
38956
39342
39737
39846
40348
40337
40611
41190
41584
41863
41929
42046
42402
42616
43087
43174
43622
43705
44005
44141
44582
44715
45126
45344
45452
45710
46139
46217
46535
46905
47053
47298
47871
48525
48454
49134
49511
49517
50071
50088
12479
14341
16391
18869
20800
21339
21357
22039
22405
22761
22764
23196
23718
23836
24100
24391
24771
24978
25534
25943
25897
26257
26528
26786
27336
27349
27713
28050
28449
28904
28983
29210
29753
29804
30189
30495
30838
31180
31736
31648
31977
32266
32681
33149
33283
33728
34362
34417
34271
34859
35090
35170
35452
35995
36149
36336
36556
37025
37234
37722
37686
37973
38173
38471
38711
39075
39567
39814
40170
40657
40990
41005
41286
41723
41943
42318
42769
42935
43146
43499
43762
44078
44378
44613
44877
45210
45533
45639
45933
46276
46499
46741
47217
47395
47533
47916
48147
48607
48615
49015
14156
16179
18768
20392
21090
20996
21567
21801
21780
22532
22739
22668
23434
23417
23954
24214
24337
25125
24979
25451
25938
25941
26200
26412
27127
27694
27894
28300
28726
28850
29398
29385
29787
30345
30300
30512
30664
31376
31442
31738
32268
32585
32833
33185
33472
33902
33957
34079
34671
34677
34990
35722
35640
35894
36325
36346
36612
36914
37344
37390
37836
38174
38606
38836
38996
39716
39586
39950
40164
40555
40955
41151
41498
41498
41920
42083
42380
42722
42935
43209
43663
43880
44216
44425
44564
44981
45140
45308
45803
46019
46400
46478
46843
47033
47295
47628
47739
48050
48423
48623
13602
15762
18144
19959
21169
21512
21721
22154
22426
22881
22875
23339
23735
23917
24125
24628
24749
25155
25520
25731
26206
26275
26587
27043
27307
27564
27866
28013
28258
28568
28952
29308
29614
29718
30142
30324
30564
30977
31386
31465
31796
32227
32504
32602
33030
33115
33611
33849
34231
34590
34739
34955
35258
35574
36039
36387
36552
37032
37134
37540
37813
38124
38197
38518
38705
39234
39359
39525
39832
40398
40723
41098
41303
41369
41818
42007
42384
42447
42908
43014
43317
43527
43629
43999
44182
44422
44721
45153
45185
45611
46019
46192
46464
46691
46781
47232
47314
47570
47921
48073
7450
11989
13597
15445
17138
19702
21209
21529
21897
22047
22549
22625
23018
23286
23714
23990
24055
24590
24656
24926
25219
25681
25825
26126
26423
26725
27369
27483
27809
28226
28505
28734
28789
29252
29814
30026
30283
30588
30797
31025
31464
31606
31872
32293
32445
32869
33233
33338
33600
33860
34048
34362
34738
35157
35309
35519
35692
35981
36468
36741
36858
37245
37392
37707
37978
38356
38465
38650
39012
39206
65349
65446
65812
65549
65562
65611
65765
65740
65900
66043
66150
66273
66369
68544
68627
68652
68690
68904
68942
68711
68841
69033
68934
68995
69186
69048
69224
70043
70114
70225
10916
24350
24833
24583
24659
25031
25941
27580
27733
27838
28303
28641
29130
30786
30985
30842
30908
31550
31994
32326
32354
32909
33494
33931
34134
34694
34980
35171
35686
36119
36584
36777
37193
37682
38101
38484
39789
39718
39432
39905
40205
41195
41258
41425
42476
42771
42927
43703
44103
44130
44616
45270
45331
45570
45962
46416
46711
46887
47590
47716
48021
48461
48643
49059
49415
49668
50086
50244
51064
50761
51585
51821
52221
52659
52424
52827
53591
53790
54000
54306
55087
55079
55327
55736
55767
55909
56121
56937
56858
57144
57387
57957
58234
58668
58736
59069
59144
59513
59821
59985
11920
13642
15947
18083
20180
22279
24101
24523
24545
24506
24867
25432
25752
26060
26197
26700
27146
27240
27570
27891
28296
28613
28709
29294
29829
30130
30191
30573
31090
31155
31383
31781
32032
32455
32890
33069
33319
33971
34042
34344
34681
34859
35273
35559
36033
36192
36458
36928
37355
37315
37906
38250
38275
38753
38898
39449
39597
39955
40371
40409
40980
41147
41571
42045
42029
42407
43062
43183
43387
43627
43999
44085
44404
44941
45244
45419
45648
45870
46313
46369
46580
46971
47147
47474
47570
48193
48764
48535
48810
49306
49463
49674
49731
50208
50366
50490
50910
50854
51407
51438
10427
14716
15967
18105
20125
22453
23493
23752
23781
24425
24740
24881
25397
25538
25888
26340
26606
27130
27359
27720
27912
28205
28723
28786
29258
29485
29796
29989
30442
30733
31023
31373
31446
31780
32161
32336
32802
33095
33286
33861
33919
34075
34397
34867
35068
35533
35777
35938
36481
36671
36848
37203
37372
37812
38113
38127
38697
38900
39128
39200
39664
39929
40107
40427
40860
40844
41490
41427
41633
41908
42332
42712
42700
43066
43228
43591
43746
44095
44573
44803
45053
45330
45583
45766
46047
46201
46433
46936
47105
47354
47577
47910
47992
48257
48455
48834
49111
49477
49532
49821
10787
12400
14166
16203
18011
19647
20196
20505
21067
21435
21852
21896
22154
22636
22879
23274
23718
24034
24158
24656
24727
24970
25488
25785
26173
26366
26740
27190
27365
27728
28088
28185
28403
28744
29153
29570
29646
29989
30455
30687
30755
31140
31545
31774
31900
32354
32412
32898
33124
33428
33856
33945
34243
34558
34908
35024
35365
35596
36067
36167
36428
36897
37376
37605
37681
37926
38413
38419
38884
39215
39316
39650
39912
40368
40697
40846
40974
41538
41726
41957
42200
42549
42673
42965
43281
43484
43972
44154
44485
44645
44982
45125
45457
45715
46018
46291
46465
46588
46772
47096
13839
15538
17509
19778
21459
21948
21831
22324
22749
23140
23063
23702
23958
24300
24585
24916
25058
25506
25979
26188
26572
26638
27030
27420
27603
27991
28379
28510
29483
29827
29834
29851
30011
30631
31066
31209
31238
31507
31951
32138
32493
32679
32867
33335
33646
34059
34265
34547
34749
35168
35481
35529
35892
36212
36359
36768
36935
37153
37579
38071
38145
38362
38529
38922
39158
39572
39825
40001
40340
40543
40976
41337
41818
41932
42143
42395
42634
42960
43080
43394
43729
43784
44033
44398
44576
44855
45148
45309
45595
46012
46340
46424
46644
47148
47500
47619
47835
48023
48344
48387
12451
14349
15988
18149
20278
22524
22813
22880
23334
23712
24140
24359
24612
25019
25004
25328
25703
25994
26392
26711
26985
27238
27133
27725
27784
28187
28794
29675
29517
29980
30126
30420
30877
31181
31373
31707
31715
31953
32467
32456
33068
33202
33341
33727
33991
34593
34662
35024
35220
35526
35596
36076
36518
36510
36813
37205
37073
37562
37887
38020
38499
38610
39125
39124
39445
39501
40070
40246
40270
40600
41132
41235
41352
41963
42244
42573
42683
43114
42931
43302
43492
44001
44168
44440
44482
44869
45080
45400
45630
45841
46260
46345
46475
46816
47047
47383
47582
47842
47955
48340
11774
13679
15514
17728
19342
19998
20365
20395
20722
20908
21394
21572
21954
22407
22624
23137
23168
23483
23728
24412
24352
24803
25034
25500
25638
25915
26389
26498
26810
27460
27316
27770
28137
28461
28629
28924
29325
29617
29694
30107
30286
30531
31047
31109
31577
31760
31887
32416
32524
32827
33099
33438
33789
34064
34204
34389
34959
35168
35571
35717
35788
36153
36402
36653
36846
37345
37547
37977
37983
38231
38610
38840
38942
39356
39519
39932
40483
40745
40961
41314
41235
41573
41900
42228
42168
42578
42727
43012
43323
43646
43799
44125
44220
44403
44819
45128
45373
45666
45738
46080
14619
16503
18625
20632
20775
20913
21141
21818
21962
22410
22764
22789
23494
23472
24001
24533
24828
25025
25466
25599
26157
26286
26751
27286
27141
27825
28237
28255
28673
28704
29199
29756
30023
30179
30823
31204
31509
31941
32260
32445
33002
33211
33652
33749
34187
34634
35117
35682
35846
36295
36457
36741
36950
37572
37860
37926
38519
38712
39175
39408
39711
40066
40503
40635
41103
41309
41598
42091
42481
42578
42901
43135
43664
43830
44153
44709
45071
45267
45555
45846
46262
46431
46755
46887
47244
47708
48030
48198
48512
48590
49123
49231
49765
50071
50337
51127
50913
51735
51834
51811
8384
8945
12053
13804
15030
16596
17889
18866
22973
27035
31539
33710
38490
44025
48843
49425
50384
51304
52184
53633
55351
61562
63221
64032
64962
65402
66314
66551
67016
67717
67992
68363
68733
69386
69750
70198
201142
201566
201864
202106
202434
202841
203092
203457
203614
203709
204125
204237
204796
204923
205258
205338
205541
205800
206256
206676
206882
207045
207345
207735
207758
208083
208715
208658
209326
209343
209510
209997
210114
210554
210690
210883
211061
211418
211717
212229
212324
212682
212889
213235
213494
213680
214246
214431
214844
215439
215502
215828
216211
216558
217037
217190
217687
217833
218231
218435
218739
219026
219247
219927
18439
20776
22891
24448
24738
25611
25602
26056
26463
26760
27071
27335
27882
28243
28682
29055
29075
30136
30266
30167
30946
30984
32200
31757
32246
32750
33159
33730
34055
33937
34413
34676
35358
35507
35979
35855
36203
37157
37341
37357
37956
38302
38601
38979
39274
39767
39915
40597
40919
40757
41096
41570
42130
42422
42638
42784
43282
43356
43586
44192
44533
45182
45211
45304
45450
46261
46808
47070
47679
47588
48034
48110
48427
48908
49214
49462
49707
49954
50256
50493
50838
51130
51478
52032
52267
53059
52956
53219
53391
53910
54354
54270
54543
55323
55403
55424
55782
56088
56799
56827
19095
21049
23419
25383
25871
26145
26248
26606
27031
27473
27896
28416
28812
29020
29434
29623
30069
30579
30659
31159
31918
31878
32724
33033
33789
33901
34134
34472
34715
35418
35648
35926
36129
36696
36786
37169
37575
38001
38576
38891
38943
39578
39689
39997
40235
40682
40824
41374
41896
42636
42640
43207
43723
43510
43873
44131
44533
44862
45379
45822
46118
46271
46377
47108
47341
47656
47846
48001
48321
48630
49346
49607
49639
50181
50472
50518
50714
51377
51426
52020
52280
52666
52824
53346
53577
53832
54104
54574
54748
55341
55161
55543
55680
56230
56407
56712
56849
57059
57572
57692
15422
17322
19755
22162
23116
23236
23170
23799
24164
29248
36462
36908
37333
28855
28651
36201
37511
43053
38270
29022
36114
36139
36138
30031
36511
30326
36174
41419
35989
31340
36608
40623
38071
30814
37216
39053
36097
36160
36472
29637
25952
27860
28276
39347
47540
26292
36160
36042
42626
24848
41045
36197
27712
36094
48964
41453
39356
36156
45560
39597
40134
30105
41705
40475
44738
41109
26447
38695
42213
24470
36397
26803
25179
38415
36442
42730
27045
30970
38334
25533
36219
36334
50337
40162
36228
51231
52455
53109
53116
53353
53566
53912
54221
54392
54642
55052
55173
55582
55885
56112
13950
15855
18283
20205
21130
21125
21515
22037
21939
22415
22674
22913
23577
23752
23955
24406
24597
24995
25238
25978
25955
26393
26970
27053
27520
27634
28066
28572
29107
29022
29492
29643
30100
30281
30645
31020
31171
31841
31865
32156
32619
32711
33321
33517
33675
34228
34345
34675
34994
35163
35435
35769
36011
36334
36694
36976
37118
37597
37815
38247
38527
38715
39019
39347
39873
39974
40254
40576
40953
40923
41310
41666
41833
42178
42609
42759
43104
43354
43618
44053
44057
44495
44824
45253
45190
45694
45830
46173
46683
46771
47010
47099
47604
48047
48100
48442
48749
48959
49041
49388
11753
12883
14900
17360
19687
21412
21881
21991
22332
22722
23025
23416
23511
23811
24339
24642
24881
25115
25532
25747
26129
26597
26847
27031
27347
27808
28156
28148
28661
29033
29298
29464
29838
30142
30502
30851
31111
31155
31714
31870
32122
32479
32819
33185
33476
33628
34015
34348
34609
34837
35160
35686
35732
36139
36352
36766
37197
37851
38069
38109
38472
39044
38918
39293
39650
40154
40088
40644
40816
41037
41193
41694
42120
41998
42648
43220
43048
43463
43855
44047
44390
44559
44845
45097
45438
45661
46060
46321
46442
46625
47198
47494
47592
47901
48134
48552
48815
48802
49045
49411
8840
12026
13701
15806
17774
20177
21925
21942
22400
22338
22766
23289
23253
23670
24108
24652
25062
25405
25514
26098
26183
26502
26702
27229
27758
27895
28202
28662
29047
29074
29548
29583
29936
30532
30624
31023
31312
31512
31941
32363
32442
32842
32946
33409
33978
34430
34601
34846
34934
35463
35619
35981
36381
36642
36901
37157
37527
37683
38128
38347
38676
38881
38978
39354
39663
40072
40110
40666
40986
41299
41504
41542
42064
42368
42571
42791
43074
43259
43550
43878
44030
44217
44542
45033
45120
45519
45613
45964
46218
46555
46898
46955
47188
47632
47810
48214
48476
48865
49055
49208
12533
13974
15920
18312
20081
21532
21391
21872
21864
22315
22672
23203
23847
23854
24176
24950
24978
25300
25674
26112
26501
26788
27508
27644
27869
28229
28557
29245
29687
29823
30571
30713
30877
31131
31688
32063
32323
32667
33203
33083
33368
33894
33927
34327
34677
34904
35317
35611
35738
36302
36510
36594
37259
37322
37699
38056
38229
38457
39183
39164
39399
39687
40086
40191
40837
40917
41572
41724
41815
42192
42413
42813
42896
43137
43461
43968
44230
44272
44561
45220
45509
45748
45851
46320
46248
46984
46897
47210
47778
48076
48257
48448
48760
49170
49410
49404
49625
50088
50259
50574
12432
14066
16197
17961
19859
20988
21412
21365
22019
22372
22736
22842
23186
23510
24022
24404
24588
24968
25024
25214
26006
26190
26586
26523
26955
27205
27767
27770
28450
28427
28844
29215
29475
29744
30207
30491
30615
30768
31324
31309
31756
31932
32204
32705
33068
33268
33673
33747
34193
34336
34663
35125
35380
36028
35965
36707
36582
36996
37138
37445
37695
38075
38254
38605
38800
39047
39486
39707
39949
40470
40621
40835
41198
41467
41766
42128
42245
42559
42680
43074
43495
43780
43960
44143
44437
44603
44950
45221
45428
45835
46182
46376
46677
46889
47142
47364
47698
47930
48211
48426
