13639
14356
14559
17039
19275
20687
23160
24414
24409
24256
24672
24988
25673
26276
26110
27057
27713
27227
27639
28065
28499
29074
30070
30256
30625
30380
31155
31320
32002
31826
32496
32468
33180
33545
33694
34266
35252
35388
35807
35673
36684
36716
36975
37727
37934
38145
38612
38738
39469
39391
39958
39989
40530
40771
40953
41198
41610
41851
42269
42530
42867
43263
43735
44851
45164
45934
45135
45637
45848
46821
46646
47226
47493
47305
47522
48283
48699
49218
49314
49604
50247
50938
50620
51131
51622
52134
52028
52765
53171
52641
52778
53524
53896
54576
54176
54479
55305
56084
56072
56400
4709
5141
5273
5364
5822
5783
5704
5960
6062
5860
5943
6214
6497
6302
6603
6722
6536
6451
6482
6668
7053
6906
6748
7001
6959
7001
7038
7186
7074
7486
7362
7251
7280
7482
7694
8098
7653
7762
7812
8195
7926
8254
7926
8308
8098
7392
8025
8058
7829
8248
8353
8013
8267
9663
10017
9949
10440
9838
9855
9834
9989
10622
10769
10603
9892
9996
11044
10585
11033
11053
10991
10991
11472
10869
11422
11230
11177
11397
11360
11456
12108
11315
11537
12241
11654
11428
12013
11815
11943
10804
11723
11677
11766
11464
11761
11778
12374
11230
12235
12235
4865
5103
5390
5572
6039
6223
6045
6219
6376
6426
6522
7270
7180
7454
7360
7469
7527
7439
7706
7922
7771
7811
8007
7844
7866
7995
8043
8186
8001
8104
8151
8129
8107
7911
8390
8304
8554
8775
8726
8617
8600
8715
8713
8905
8790
9110
9320
9402
9339
9222
9248
9535
9513
9606
9604
9586
9639
9579
9578
9771
9804
9717
9748
9889
10238
10244
10162
10197
10114
10239
10390
10346
10388
10491
10625
10550
10618
10737
10586
11145
11249
11291
11439
11400
11381
11415
11500
11558
11587
11452
11485
11605
11688
11885
11858
11908
11940
12204
12022
12156
5620
5704
5819
6060
6266
6557
6396
6781
6931
6767
7326
7194
7447
7796
7659
8158
8290
8960
8623
8586
8810
8556
8735
8583
9238
8766
8778
8934
9063
8886
9041
8924
9424
9175
9634
9378
9731
9553
9913
9515
9510
9851
9534
9641
9642
9994
9939
10020
9967
9882
10407
10175
10228
10304
10365
10725
10646
10515
10216
10461
10598
10882
10814
10617
10535
10788
11016
10587
11046
10770
11104
11170
11261
11492
11364
11229
11450
11856
11502
11910
11564
11665
11675
11678
11782
12179
12008
11846
11953
12098
12512
13083
13013
13097
12836
12959
13139
13046
13075
13184
6347
6376
7244
7536
7800
8169
8309
7818
8391
8614
8614
8510
8636
8590
8762
8708
8905
9330
8910
9053
8681
9387
9518
9586
9632
9012
10160
9886
9800
9891
9835
10189
10023
10002
9916
10101
10436
11151
11191
11372
11327
11066
11491
11346
11132
11604
12028
12081
11920
12283
12515
12316
12436
12042
12674
13445
13294
13445
13221
13608
13359
13518
13535
13535
13228
13435
13522
13672
14062
13975
14029
14115
14176
14164
13770
14432
14435
14404
14181
15332
15002
15442
14991
15727
15433
16127
16393
16141
15825
15895
16167
15926
16472
16228
16628
16116
16372
16629
16807
17082
6293
7066
7300
7439
6932
7636
7611
7344
7531
8042
7957
8315
8061
8461
8092
8167
8377
8339
8406
8570
8290
8398
8548
8634
8507
8725
8938
8757
8951
8717
8947
9258
9053
8816
8858
9183
9139
9110
9491
10150
10019
10207
10618
10468
10284
10256
10500
10527
10253
10483
10742
10767
10459
10591
10349
11145
11392
11264
11368
11250
11435
11466
11668
11832
11697
11699
11858
11763
11770
11827
12101
12199
12239
12191
12816
12853
12976
13078
12801
12977
13169
12833
13261
12795
13017
13188
13047
13294
13404
13141
13526
13732
13476
13315
13634
13557
13408
13615
13517
13304
5089
5091
5586
5885
5916
5998
6344
6830
7167
7044
6888
7327
6954
7133
7071
7256
7174
7445
7528
7164
7250
7416
7334
7386
7255
7564
7752
7651
8020
7746
7744
7891
8077
7918
7750
8056
8266
8027
8329
8069
8450
8489
8596
8553
8502
8723
8567
8602
8410
8885
8686
8563
8653
8755
9176
8811
9022
9082
9162
9175
9216
9107
9569
9382
9396
9621
9504
9457
9525
9711
9671
9255
9949
9921
10083
10031
10047
10271
10729
10673
10837
10624
10892
10781
10907
11164
11253
11247
11169
11432
11367
11320
11493
11585
11655
11510
11682
11770
11671
11804
4576
4072
4908
4942
5148
5470
5387
5497
5435
5785
6121
6216
6251
6339
6294
6622
6618
6930
6458
6593
6566
6967
6861
6956
6821
7178
7079
6928
7448
7388
7286
7462
7473
7388
7828
7350
7328
7759
8006
7328
7907
8434
8995
8669
9125
8716
9023
9635
9264
9393
9200
9491
9653
9689
9796
9991
9449
9802
9647
10100
9938
9001
8744
10764
10630
10560
10572
10412
10828
10638
10858
11362
11805
9069
11743
11976
11861
12028
12020
12046
11988
12234
11843
12031
12406
12440
12753
12847
12736
12446
12828
13153
12710
13116
12722
13070
13366
12931
13098
13377
3380
4174
5324
5427
5198
5400
5701
5333
5604
6011
5935
6188
6938
7267
7417
7572
7336
7631
7728
7734
7892
7663
8009
7940
8086
8252
8150
8160
8021
8021
8049
10876
11338
11451
11787
11588
11710
11626
11902
12001
11666
11696
11476
11890
11916
12356
12486
12187
12690
12808
12494
12656
13094
12831
13124
13165
13127
12815
13055
12953
13367
13235
13185
13290
13095
13128
13246
13127
13549
13314
13463
13637
13220
13814
13842
13782
14560
13815
14063
13971
13953
13973
13974
14268
14271
14131
14264
14218
14702
14468
14332
14870
14532
14462
14598
15069
14819
14584
14854
14897
1866
1485
1747
2596
2931
3114
2882
3273
3143
3124
3108
3468
3844
4341
5523
5384
5562
5251
5269
5659
5938
5701
6053
5960
6087
6014
6162
5951
7307
7203
7249
7614
7449
7660
7471
7991
8557
8188
8676
8940
8779
8628
8819
8717
8757
8849
9076
9273
9438
9027
9261
9190
9274
9548
9284
8850
9515
9631
9161
10071
10048
10068
10028
9867
10039
10457
10253
10450
10471
10455
10291
10721
10545
10263
10542
10262
10810
10641
10680
11187
10964
10774
11115
10616
10547
11213
11367
11616
11293
11568
11793
11144
11581
11982
11936
11202
12037
12008
11983
11876
2443
4738
5534
5659
6151
5333
6273
6455
6582
6978
6922
6612
6839
7138
6965
7602
7729
7350
8276
8417
8921
8750
8500
8805
8830
8326
8284
8425
9122
8960
8820
8827
9286
10839
10495
11201
11209
11457
11703
11380
11834
11469
11693
11299
11775
11571
11986
11623
12514
12591
12468
12461
12358
12669
12559
12683
12574
12931
12609
12503
13017
13128
12869
13252
13179
13069
13349
13745
13185
13554
13690
13438
13501
13789
13832
13522
14609
14428
14110
14054
14300
14724
14620
14417
15057
14755
15187
15133
14923
14853
14997
14969
15000
15252
15317
14971
15312
15622
15599
15017
5037
5279
5689
6116
6359
6604
6943
6988
7420
7190
7418
7494
7529
7632
7592
7746
7538
7623
7658
7642
7796
7707
7900
7771
8021
8097
8073
8222
8058
8192
8228
8229
8397
8112
8362
8810
9104
9129
10808
11078
11097
11112
11198
11224
11284
11476
11600
11530
11437
11651
11453
11435
11577
11623
11834
12023
11956
12426
12552
12787
12788
12858
12632
12712
12742
12770
12923
12646
12680
12908
12673
12988
13294
13118
13115
13033
13191
13109
12841
13293
13309
13369
13679
13526
13735
13831
13739
13773
13851
14087
13972
13814
14029
14248
14160
14239
14308
14602
14554
14546
5800
6069
6570
7046
7347
6988
7383
7085
7318
7436
7585
7805
8128
8419
8186
8093
8030
8329
8604
8539
8635
8668
8453
8807
9247
8978
9273
8113
9575
9683
9549
9759
9500
9858
10219
10262
10356
10709
10345
10423
10769
10576
10640
10701
10714
11063
11399
10985
11660
11875
12047
11817
11852
11878
11818
12053
12147
11999
12572
12619
12320
12339
12463
12537
12902
12704
12990
12701
12940
12799
12818
13149
13185
13435
13610
13704
14055
13821
13606
13794
13923
14031
14320
14147
14313
14139
14486
14550
14242
14341
14241
14609
14804
14659
14736
14765
14673
14685
14876
14861
3758
4055
4218
4874
4918
4864
5046
5040
5338
4914
4973
5113
5156
5365
5176
5201
6337
6566
6360
6354
6302
6701
6270
6451
6800
6598
6575
6827
6445
6748
7001
7208
7383
7338
7003
7212
7161
7053
7614
7334
7858
7796
7920
7958
8173
8096
8026
8047
8026
8083
8018
8130
8978
9300
9136
9279
9380
9658
9838
9976
10096
9883
9931
9835
9879
10078
10068
10307
10554
10202
10387
10395
10591
10668
10653
10484
10540
10733
10549
10664
10754
10829
10810
11094
11566
12044
12226
11993
12083
12250
12128
12345
12286
12374
12361
12319
12267
12232
12389
12456
4298
4306
4964
5129
4831
5406
5450
5342
5681
5585
5776
5905
5814
6283
6238
6330
6170
6631
6442
6746
6812
6733
6713
6728
6829
6931
7009
6993
7086
7187
7631
7439
7733
7508
8985
8726
8950
8842
9183
9064
9144
9326
9144
9219
9341
9382
9138
9246
9272
11105
11244
11521
11277
11315
11476
11553
11792
11691
11770
11976
11790
12012
12034
12722
12864
12900
12865
12810
13191
13099
12887
13122
13106
12988
13084
13107
13143
13500
13370
13521
13696
13809
13696
13879
13978
14111
13983
14035
14129
14138
14029
14168
14311
14455
14486
14664
14660
14729
14825
15092
4545
5368
5227
5635
5515
5607
5826
5850
6077
6645
6359
6030
6645
6711
6856
6786
7450
7021
7053
7033
7150
6677
7722
8189
8227
7983
8434
7943
8109
8090
8262
8743
8396
8909
8486
8426
8516
8598
8633
8580
9908
10370
10130
10152
10293
10565
10347
10552
10688
10341
10773
10437
10318
11100
11828
12138
12215
12474
12497
12363
12896
12816
12973
12984
12840
12642
13076
12877
12744
12956
12914
13130
13063
13531
13402
13476
13382
13582
13639
13621
13300
13376
13511
13867
13661
14088
13718
13705
14589
14110
14503
14322
14679
14634
14770
14625
14613
15222
15150
15414
5016
5274
5559
5416
5748
6345
5840
6228
7012
7037
7024
6997
7189
7042
7097
7151
7024
7433
7141
7299
7274
7559
8004
7615
7961
8297
8221
8177
8057
8358
8353
8263
8222
7909
8539
8571
8253
8480
8461
8752
8597
8928
9086
9370
9396
10931
10964
11154
11405
9540
11114
10936
11275
10937
11294
11540
9534
11173
11286
11166
11260
9939
10034
11509
11523
11471
12019
11959
11987
11974
11949
12401
10680
10722
10813
12080
12212
12393
12860
11046
13019
13066
11530
12954
13138
11573
13253
13242
11946
13399
13631
13518
13543
12009
12394
14119
14081
12495
13996
14123
3753
3846
4262
4281
4350
5226
5359
5841
5530
5626
5562
5442
5938
5614
5610
5897
6042
6049
5992
6003
5968
6198
6266
6455
6233
6205
6485
6264
6423
6532
6698
6209
6819
6900
7006
7023
7018
7105
7471
7101
7308
7444
7277
7388
8176
8342
8662
8558
8691
8293
9172
9033
8725
9182
8884
9132
9219
8731
10155
10224
10311
10099
10179
10312
10643
10368
10795
10628
10682
10851
10555
10809
10752
10904
11217
11139
11266
11402
11511
11586
11306
11532
11541
11399
11790
11376
11760
11357
11604
11609
11762
12407
12319
12247
12162
12447
12565
12453
12654
12270
4348
5790
5307
5341
5747
7026
6023
6074
6376
6439
7820
6716
7368
7581
7592
7664
7400
7768
8129
7652
9002
8017
7929
7921
8077
8533
8060
8220
8320
8025
8374
8127
10932
9768
9878
10035
9914
10348
10176
10400
10485
10322
10516
10404
10516
10682
10586
11171
11481
11386
12785
11573
11533
11587
11921
11642
11566
11652
11841
11526
11674
12361
12318
12768
12589
12563
12946
12630
12706
13006
13090
12902
12922
12876
12930
13075
13026
13075
13231
13307
13645
13457
13505
13665
13657
13638
13756
13580
13958
14042
13748
13767
14080
13812
14064
14444
14119
14530
14367
14694
5046
5137
4991
4916
5678
5157
5211
6010
6134
6149
6436
5991
6613
6729
6894
7030
12991
13095
13174
13128
12679
13692
13273
13115
13639
13023
13667
13741
13275
13952
15978
16078
15951
15835
16219
16266
15868
15962
16460
16086
16196
16433
16415
16281
16254
17199
17479
17423
17222
17234
17614
16942
17440
17383
17535
17397
17769
17859
18004
17947
17954
17926
17962
18150
18033
18125
17795
18247
17905
17986
18568
18524
18111
18623
18560
18355
18259
19052
19106
18929
19016
19383
19365
19162
19206
19228
19355
19229
19518
19602
19631
19699
19478
20144
20425
20267
20336
20902
20411
20520
4740
4625
5272
5653
5422
5342
5579
5524
5879
5552
5549
5598
5864
5906
6120
6351
6512
6941
7148
7320
7817
7812
7588
7126
7044
7920
7042
7332
8089
7514
7523
8122
7689
8207
7794
7980
7948
8189
8005
8646
8033
8671
8218
8307
8455
8631
8177
8739
8772
8645
8790
8876
8849
9057
11219
11515
11230
11275
11251
11392
11462
11238
11688
11603
11535
11458
11795
11752
12401
12502
12519
12612
12770
12835
12861
12864
12923
13061
13153
12896
12910
12996
13073
13135
13203
13434
12531
13457
13640
13783
13787
14070
14005
14016
13782
14106
14123
14256
14315
14413
5178
5731
5974
6341
6534
6991
6962
7489
8216
8041
8072
8154
8331
8447
8380
8556
8506
8520
8814
11425
11350
11314
11598
11324
11335
11742
11634
11640
12054
12119
12142
12097
12166
11910
11950
11852
12092
12482
13134
12942
12918
12943
13151
13003
13109
13042
13116
13581
13289
13389
13922
14010
13696
13595
13685
13945
13999
13895
14184
14178
15182
15278
14867
15062
15051
15161
15388
15393
15413
15509
15593
15962
15872
15912
15800
15831
15929
16078
16166
16442
16081
16194
16299
16341
16143
16242
16624
16786
16803
16044
16810
16247
16663
16258
17901
18086
18275
18259
18425
18453
1881
3459
3548
4641
5532
5607
5846
5924
6292
5925
6986
7402
7525
7893
7844
7776
7897
7947
8277
8140
8408
8166
8600
8425
8573
8264
8564
8471
8801
8560
8810
8108
9212
9460
10776
11634
11241
11437
11574
11584
12782
12550
12647
12648
12454
12811
12828
12617
12599
13607
13596
13383
13482
13203
13510
13572
13498
13831
13825
13826
14390
13913
14494
14949
14361
15067
15099
15558
15949
16130
15394
15809
16310
16196
16706
15317
16540
16797
16614
16867
17074
15850
16897
17067
17364
17571
17277
16912
17603
17353
17644
17768
15744
17583
17421
17488
17570
17619
16431
18198
29657
29943
29768
30011
29922
30342
30902
30968
31075
31120
31392
31474
31579
31458
32445
32571
32821
32635
33725
33415
33514
33096
33596
33511
33955
33826
33320
33945
33908
34114
34400
34502
34807
34620
35401
34795
34849
35456
35410
35399
34875
35304
37756
38211
38190
38864
38739
39776
40063
41762
41393
41503
41446
42124
42569
41917
42155
46549
47541
47075
47065
47209
48010
47396
47457
47653
47477
47498
47676
47621
47845
48656
48873
48832
49648
48999
49721
49267
49096
49467
49491
49532
49424
49606
49891
50331
50028
50317
50251
50436
49728
50737
50101
50786
50051
50738
50597
51134
50550
51095
2913
3344
3835
4740
5225
5163
5269
5902
6644
6473
6782
6555
6837
7361
8133
8165
7942
8040
8262
8372
8749
8364
8385
8622
8661
8605
8553
8915
11348
11146
11349
11305
11377
12093
11657
11946
12175
12065
12130
12094
12387
12374
13784
13773
13555
14004
13657
13788
13738
13796
11531
14203
13534
13648
14193
14700
14763
14556
12950
14567
14658
12922
14767
14662
14724
14725
14754
12116
14968
15010
14394
12761
15477
13215
15583
15658
13073
14175
15660
14279
13052
14364
11720
16069
15487
15446
16408
15654
15716
16476
16058
15367
15687
14198
15856
15551
14357
16254
14969
17089
5248
6021
6093
6360
6424
7087
6675
6783
7405
7301
7658
7682
7902
7663
7819
7961
7790
7851
8572
7915
7920
8339
8124
9461
10001
10122
10261
10324
9757
10197
11418
11917
11770
11824
11963
11810
11756
11999
12031
11703
12033
11802
11909
12139
12481
12233
12557
12596
12709
12704
12794
12839
12987
12757
12778
12773
13050
13193
14295
13971
13939
14029
14062
14159
14236
14117
14374
14196
14509
14528
14253
14581
14597
14664
14382
14577
14839
14835
14918
14790
15033
15078
15009
15528
15377
15508
15306
15463
15609
15190
15341
15615
15463
15733
15546
15737
15679
15760
15936
15855
6063
6713
6524
6738
7146
7518
7931
7992
8294
8606
8650
8428
8595
8921
9643
9373
9279
9476
9443
9582
9728
9705
9965
9876
10102
9891
10395
9670
11878
11952
12185
12468
12640
12453
12315
12812
12357
12674
13086
13081
13439
13453
13764
13770
13833
14144
14365
13942
14126
14185
14315
14487
13983
13948
14234
14179
14011
15571
15425
15700
15520
15797
15719
15918
15777
15956
15872
15989
16018
16105
16271
15936
16149
16287
16328
16345
16394
16471
16683
16406
16626
16659
16624
16375
16649
17304
17621
17530
17483
17481
17490
17479
17538
17558
17679
17686
17511
17439
17593
18224
5363
5548
6072
6830
7744
7180
7202
7518
7954
7758
8027
8455
8340
8240
7525
8273
7310
8297
8218
8841
8594
8594
9129
8423
8702
8605
8220
8527
8722
8748
10071
9848
9926
10644
10560
10324
10385
10362
10498
10284
10658
10709
10568
10731
11956
11794
11862
11970
12690
12279
12395
12308
12084
12266
12535
12120
12233
12183
12995
13026
13256
13118
12855
13380
13188
12962
12914
13198
13108
13592
13330
13426
13336
13749
14486
14480
14229
14046
14449
14472
14152
14504
14403
14567
14804
14819
14227
15257
15781
15803
15939
15763
15850
15903
15884
16001
16245
15775
15869
16183
4733
5357
5316
5631
5469
6004
6007
6209
6250
6373
6908
7340
7048
7653
7251
7813
8227
8424
8728
8311
8300
8195
8300
8604
8066
8952
8832
9025
9353
8926
9086
9377
10103
10244
10723
10186
10297
10577
10798
10581
10977
10866
11213
11242
10866
10841
11559
11614
11720
11720
11772
12388
11871
12146
12137
12226
11771
12154
12393
12371
12497
12453
13029
12642
12702
12546
12890
13085
13160
12227
13005
13109
13327
13034
12758
12865
13321
13142
13133
13125
13305
13132
12757
13040
12249
12884
13138
13121
13021
14113
13731
13758
13708
13861
13735
14021
14129
14189
14067
14108
1542
2841
3502
4359
4625
5262
6034
5961
6444
6325
6328
6588
6342
6647
6877
6858
6855
7013
6990
7106
7311
7291
7396
7215
7601
7535
7425
7722
7669
7891
7912
7723
7863
8110
8115
8673
8659
8777
8847
9037
8921
9213
9642
9831
9751
9538
10014
9716
9870
9770
9486
10015
9852
9935
10428
9721
10290
10658
10579
10700
10828
11035
10675
11012
10980
10880
10783
11370
11106
11075
11098
11381
10930
11191
11839
11993
11925
11898
11848
12424
12190
12435
12585
11979
12217
12729
12397
12135
12684
12649
12846
12349
12550
12725
13037
13107
12559
12833
12955
12838
6362
7217
7029
7199
7145
7229
7695
7833
7855
7791
7637
8074
7827
8049
7824
8793
8753
9104
8899
9193
9003
9164
8960
9405
9247
9161
9438
9578
9380
10267
10251
10287
10206
10114
10182
11186
10927
11293
10938
11185
11137
10996
11066
12395
12643
12513
12920
12726
12606
12555
12597
12530
12814
12782
12621
12725
13074
13180
13685
13842
13697
14026
14089
14143
14243
13938
14271
14448
14375
14216
14417
14151
14351
14360
14707
14510
14832
14513
14760
14284
14454
14734
14756
14937
15103
14804
15035
14839
15236
14938
15153
15214
15256
15101
15761
15379
15674
15639
15832
15602
2837
3704
4963
4308
4964
5980
5385
5589
5699
5724
6157
6298
6930
6294
7178
6763
6717
6688
6887
7108
7217
8815
8984
9062
9217
9628
9188
9624
9821
9959
9620
9557
9713
9516
9484
9535
9532
9515
10185
9786
9797
9508
110544
110875
110972
110861
110699
111331
111217
110772
110860
110898
111374
110852
110892
111146
110562
111474
110921
110597
111262
110708
111180
111407
110690
110907
111675
111269
110851
110969
110768
110810
111381
111681
111069
110881
111814
111942
111794
111444
111549
112020
111595
111235
111651
112719
111346
111536
112318
112377
112514
112225
111951
112762
111854
111829
112053
111737
112179
112153
18662
19429
22489
23961
26963
29356
31977
32472
32732
33319
33178
33824
33967
34899
35625
34884
35826
35785
36656
37275
37102
37443
38480
38458
39271
39642
40110
40481
40865
41231
41644
42062
43066
42932
43332
44289
44781
44601
44764
45079
46547
45884
46333
46774
47715
48267
48796
49278
49313
50196
50822
51030
51296
51668
52633
52435
53308
54071
53760
54714
54924
55398
55945
55922
56179
57047
57455
57032
57723
58563
58340
59345
59287
59183
60310
60085
60900
61156
61824
62363
62324
62542
62526
63668
63373
64614
64087
64932
66475
66281
67154
66355
67132
67626
68634
68117
68756
68873
69652
70203
2066
4914
4758
5264
5817
5641
5908
6361
6599
6547
6822
6716
6785
7151
7093
7243
7645
7908
8017
8090
7961
8008
7854
8172
8331
8432
8697
8639
8476
8781
7966
8194
8667
8891
9144
9414
9223
9710
9659
8999
9275
9464
9644
9299
9325
10438
10755
10524
10523
10459
10217
10573
10384
10798
10490
11297
10655
10912
10955
11282
11405
11161
11030
11594
11370
11983
12520
12595
12410
13082
12937
12703
12719
12746
12988
13126
13452
13053
13222
13585
15070
15182
15183
15111
14929
15673
15201
15243
15340
15673
15919
16180
16184
16385
16801
16700
16826
17040
17334
16946
5792
5989
6255
6645
6781
7064
6945
6769
7026
6764
7519
7184
7685
7573
7843
7940
8009
8030
7707
7684
7779
7736
7808
7846
7755
9497
9379
9905
9377
9412
9417
9653
9547
9897
9524
9546
9881
9984
10479
10479
10564
10775
10740
10925
11112
11543
11500
11328
11324
11504
11510
11687
11474
11586
11629
11669
11889
12015
11346
12159
12250
11523
11939
12064
12105
12384
12122
12114
12219
12498
12548
12409
12717
12585
12569
12421
12312
12843
13041
12673
12797
12904
12820
13167
13085
13654
13214
13530
13807
13691
13575
13431
13705
13599
13665
13583
13664
13763
14134
14126
6526
6982
7472
7826
7505
7649
7810
7588
8002
8236
8343
8468
8067
7938
8462
7845
8006
8215
8474
8938
8686
8683
8787
8580
8756
8887
8856
8801
8897
9237
9836
9657
9590
9999
9840
9861
9963
9934
9993
8910
9956
9972
10230
10142
10152
10160
10774
10520
10811
11144
10447
11307
10979
11318
11206
11394
11626
11391
11254
12173
12232
12460
12450
12220
12537
12598
12488
12616
12942
12648
13023
13256
13369
13602
13184
13451
13218
13487
13699
13942
13891
13906
13625
13967
14296
14427
14231
14544
14395
14282
14747
14826
14728
14661
14919
15051
14930
14985
15202
15078
5634
5583
5531
6518
6376
6596
6629
6960
6838
7540
7139
7528
7317
7382
7727
7756
7151
7757
7842
7911
7977
8047
8069
7632
8376
8480
8560
8575
8514
8875
8890
8743
8497
9226
9130
9341
9589
10206
10182
10143
10533
10279
10267
10565
10418
10463
10404
10377
10756
10767
10881
11074
10175
10595
11269
11329
11168
11359
11287
11384
11404
11539
11515
11504
11759
11598
11792
12123
12035
11988
12061
12147
12385
12169
12444
12833
12959
12908
13331
13454
13404
13464
13489
13859
14490
14460
14489
14571
14682
14666
14607
14884
14875
14795
14795
15022
15113
15404
15258
15520
5544
5416
5451
5960
6540
6559
6532
6385
6751
6893
6919
7293
7104
7088
7193
7719
7798
7970
8023
8019
7961
8009
8023
8152
8119
8127
8130
9398
9502
9165
9155
9445
9519
9913
9685
10037
9930
10040
10292
9955
10061
9940
9872
10146
10331
10116
9962
10179
10235
10557
11045
10989
10996
11146
11230
11341
11290
11413
11376
11499
11720
11619
11950
11829
11947
12162
12172
12571
12371
12636
12547
12721
12659
12670
13039
12916
13266
13114
13222
13578
13476
13944
13573
13681
13845
14360
13986
14179
14338
14347
14172
14434
14384
14281
14704
14555
14533
14527
14781
14823
5167
5105
5825
5655
5633
6048
6370
6045
6035
6568
6265
6515
6805
7035
6728
6677
6735
7068
6833
6855
6856
6976
7122
7260
7159
7705
7768
7651
7386
7589
7606
7737
7883
8062
8226
8242
7800
8487
8109
8510
8508
8507
8062
8550
8652
8884
9064
9465
9400
9422
9408
9297
10427
10774
10524
10432
10568
10745
10547
10632
10711
10714
10673
10497
10681
10951
11102
11013
11251
11212
11342
11079
11265
11256
11148
11215
11203
11588
11207
11603
11322
11669
11556
11836
11697
11596
11756
11669
12076
12201
12051
12153
11977
11994
12230
12249
12132
12183
12233
12217
5643
5995
5921
6241
6654
6256
6515
6701
7050
7181
7414
7256
7267
7680
7314
7630
7428
7551
7863
7815
8149
7512
7888
7783
8036
7771
7966
7776
8106
7870
8134
8148
8111
8190
8288
8247
8666
8853
8646
8812
8789
8600
8627
8758
8690
8663
8576
9176
9349
9307
9369
9007
9155
9056
9026
9365
9311
9514
8937
9326
9419
9365
9466
9460
9531
9672
9741
9527
10380
10583
10817
10256
10549
10656
10494
10435
10578
10525
10661
10869
11116
10991
11061
11110
11220
11177
11241
11312
11215
11439
11471
12608
12412
12857
12786
12537
12931
13087
13457
13282
4808
4780
4768
5094
5229
5599
5673
6177
5872
6237
6343
6792
6656
6916
6752
6965
7037
7342
7644
7930
7233
7289
7367
8559
8615
8757
8699
8989
8720
8819
8945
8811
8874
8827
9008
9176
9056
9357
9600
9187
9471
9241
9394
9307
9293
9758
9754
9767
9929
10090
10079
9928
10359
10259
10199
10222
10194
10558
10405
10641
10705
10229
10638
10377
10696
10718
10978
10681
10848
11004
10995
11189
10969
11234
11086
11230
11239
11511
11319
11254
11329
11642
11406
11417
27039
27498
27060
27288
27176
27412
27124
27140
27175
27323
27249
27244
27181
27308
27164
27167
4607
5157
5003
5217
5263
5378
5421
5765
6154
6319
6225
6056
6097
6052
6230
6634
6520
6530
6371
6331
6393
7034
7166
6797
7131
6802
6966
6885
7227
7085
7221
7180
7095
7343
7661
7318
7721
7555
7323
7512
7924
7856
7719
7904
7963
7762
8270
8054
8531
8026
8626
8591
8455
9061
9139
9088
9058
10328
10399
10401
10498
10510
10917
10549
10759
10894
11113
10814
11071
11039
10914
10799
10920
11069
11208
11206
11149
11261
11337
11460
11651
11557
11590
11770
11786
11750
12017
11710
11856
11812
12067
12142
12050
12061
12660
12304
12417
12371
12400
12363
4345
4722
5219
4989
5091
5231
5232
5602
5805
6172
5766
5963
6170
6278
6032
6296
6057
6347
6888
6850
6728
7145
6849
6808
7022
8130
8317
8067
8419
9007
9271
9011
9134
8988
9172
9270
8422
9275
9510
9208
9452
9467
9717
9931
10163
9877
9928
9916
10421
10430
10638
10589
10543
10754
10590
10646
10609
10981
11128
11140
11122
11203
11009
11028
11133
11243
11140
11639
11280
11310
11342
11336
11053
11259
11531
11784
11866
12024
12098
11882
11895
11865
11795
11982
12005
12072
12062
12163
9631
12164
9614
12357
12375
9683
9606
12323
12834
12719
13181
13033
5646
6009
6130
6718
6749
6415
7046
6647
6941
7368
7242
7263
7422
7472
7562
7955
7605
7639
7959
8297
7789
8439
8539
8594
9019
7929
9516
9451
8825
9712
9618
9620
10019
9471
9740
9743
9750
9730
9654
10334
10351
10558
10206
10372
10433
10619
10897
10840
10843
10753
10740
10961
10891
11106
11087
11075
10683
11397
11174
10948
11326
11336
11652
11570
11790
11523
11620
11968
11743
11926
11944
11962
12055
12035
12040
12056
12101
12480
12417
12165
12306
12449
12354
12302
12279
12493
12626
12709
12662
13055
12950
13099
13014
13122
13238
13003
13364
13233
13099
13416
3970
4393
4932
5181
5249
5248
5780
5678
5759
5859
6264
6640
6472
6463
6730
6746
6873
7347
7401
7368
7444
7377
7588
7627
7813
7913
7969
8056
8091
8333
8420
8272
8264
8407
8350
8451
8361
8519
8509
8605
8572
8757
9054
8974
9062
9194
9005
9900
9111
10453
10640
10381
10432
10604
10582
10810
10583
10605
10665
10745
10869
10848
11385
11360
11482
11432
11508
11470
11568
11774
11819
12057
12027
12207
12042
12004
12043
12306
12109
12196
12486
12193
12362
12384
12507
12476
12469
12477
12569
12955
12684
12728
13022
12922
12885
12880
13302
13146
12967
12968
2667
2880
3421
3993
3808
3600
4116
3936
4332
4424
3403
5189
6123
6394
7065
6792
7176
7050
7204
7531
6573
7405
8313
9662
10011
10104
9043
9343
9888
9347
8638
9784
10302
9771
10285
10158
10008
9657
10158
9928
9302
9480
9801
10492
9501
8764
9690
10095
11131
11372
10512
11915
11270
12265
11378
11894
12542
10203
12565
11548
11819
12705
12514
12793
12619
12118
12637
11492
12501
11784
13072
13847
12651
11954
13297
12026
12289
13514
11884
11871
11801
11918
12040
11992
11983
12003
12342
12477
12620
12412
12491
12525
12009
12788
12469
14696
12968
12914
12738
13225
4218
4378
4543
4605
5539
5247
5331
5732
5812
6034
6179
6362
6598
6732
6560
6793
6840
6835
6519
6742
6793
6738
6725
6754
8673
9109
9051
8829
9179
9250
9123
9361
9227
9118
9217
9377
9614
9760
11022
11805
11941
12007
12189
12186
12094
12269
11945
12005
11956
12298
12195
12007
12322
13166
13257
13185
12897
13189
13015
13090
13469
13381
13334
13182
13144
13215
13256
12936
13620
13598
13516
13743
13618
13866
13665
13946
13930
13721
13791
13880
13194
13828
14039
14096
14093
14082
14240
14130
14299
14383
14151
14267
14449
14420
14115
14338
14812
14828
14633
14896
4382
4267
4246
4331
4480
4597
4812
4767
5347
5642
5213
5330
5580
5303
5406
5487
6913
6631
6934
6760
7480
7145
6946
7557
6949
7320
7315
7189
7089
7208
7797
7581
7751
8589
8407
8730
8708
9312
9363
9090
9111
9260
9460
9900
9577
9346
9485
9900
10144
10784
10821
10619
10331
10880
10926
11019
10781
10526
10597
10987
10980
11381
10789
11512
11506
10929
11044
11522
11085
11847
12011
12244
11907
12144
12278
12356
12375
12384
12192
12662
12901
12686
12737
13010
13119
13235
13481
13576
13404
13607
13450
13306
13806
13699
13254
13672
14007
14017
12903
14462
4611
4470
5084
5252
5394
5780
6265
6483
6203
6456
6002
6203
6656
6425
6756
6527
6864
6748
6535
6664
7103
6852
7116
7326
7547
7086
7416
7111
7441
7035
7285
7864
7528
8077
7755
7920
8416
7882
8107
8069
8760
8230
8183
8630
8422
9969
10526
10229
10103
10130
10299
10425
10663
10729
10536
10471
10837
10671
10828
11084
11344
11703
11568
11669
11792
11950
11560
11508
11554
11820
12106
12124
12332
12647
12635
12099
12454
12768
12820
12713
12811
12908
13021
12761
13316
13050
12814
12864
13039
13104
13175
13919
13877
14114
13770
13923
13947
13784
13922
13729
3343
3366
4251
4167
4163
4173
4428
5060
5053
4905
5011
4964
5118
5743
5777
6276
5945
6060
6020
6083
6647
6288
6485
6899
6645
6661
6681
6832
6791
6899
6749
6888
7261
7131
7452
6976
7991
7795
7617
7777
8129
7774
7820
7883
7966
8384
8308
8293
8364
8314
8018
8304
8498
8774
7096
9780
9496
9474
9627
9559
9971
10262
9996
10192
10094
10241
10324
10296
10674
10684
11201
11115
11098
11254
11037
11401
11455
11225
11525
11496
11663
11627
11536
11942
11948
11979
12167
12214
11903
12293
12265
12318
12303
12377
12424
12562
12487
12536
12545
12691
4232
4600
4713
4857
6584
6695
6777
6911
6930
6971
6638
7053
6921
7405
7138
6877
6967
7429
7158
7438
7398
7304
7419
7384
7459
7159
7244
7355
7751
7821
7760
7546
7825
7597
7838
7653
7725
8157
8252
8430
8125
8177
7488
8405
8506
8794
9650
9893
9946
10139
10061
10122
10358
10227
10346
10037
10391
10342
10600
10782
9865
10715
10776
10977
11051
11163
11256
11189
11177
11340
11341
11250
11441
11272
11097
11752
11894
12045
12113
11842
11748
12328
11967
12020
12128
12032
12380
12191
12254
12475
12763
12457
12730
12448
12536
12576
12523
12949
12872
12716
2367
2550
2353
3018
3481
3328
3426
3937
4037
5126
4832
5027
4826
5276
5610
5409
5810
5681
5927
6152
5943
6095
6191
6268
6117
6509
6493
6604
7543
7469
6715
7919
6602
7294
6469
7000
6483
7039
7981
6923
7934
8002
7940
8055
6993
8575
8821
8191
8003
8105
8057
8110
9312
9204
9490
8561
8399
8267
9234
9239
9560
9834
10112
10386
9942
10372
10489
10142
10208
9910
10207
10261
10404
10259
9357
10493
9533
10655
10863
9788
9613
10969
10751
9861
11225
9868
9979
9874
10086
10392
10344
10620
10713
10749
10662
10377
12101
10235
11575
11743
4672
4366
5161
5282
5187
5321
5306
6036
5747
5611
6188
5876
6180
6311
6041
6152
7129
7228
7204
6858
7002
6947
7318
7226
6929
7014
7027
7069
7069
7316
7991
7916
7746
7751
7660
8119
8078
7817
7991
7868
8066
8051
8370
8059
8385
10792
10660
10831
10494
11106
11168
10816
11050
10964
11297
11023
10875
11154
11275
11222
11477
11365
11206
11620
11283
11383
11148
11373
11516
11405
11283
11725
11376
11818
11850
11449
11567
11650
11652
11872
11751
11871
11874
12161
12137
12148
11854
11911
12397
12802
12460
12452
12617
12669
12660
12476
12576
12604
12511
12513
6085
6830
7378
7298
7558
7937
8254
8126
7974
8150
8159
8077
8431
8428
8535
9269
10189
10577
10507
10584
10588
10682
10412
10707
10767
10471
10133
10739
10477
10889
11655
11595
12245
12042
11974
11898
11995
11915
12252
11842
11980
12311
12321
12372
12422
11525
12849
12511
12887
12797
12766
12686
12887
12890
13038
13139
13007
12911
12925
12938
12949
13137
13180
13159
13408
13423
13596
13518
13449
13650
13482
13702
13575
13729
13613
13638
13761
13850
14169
14066
14157
14169
14134
14419
14290
14241
14760
14348
14341
14272
14459
14447
15196
15090
15110
15069
15161
15521
15269
15326
5448
5625
5963
5700
6031
6397
6087
6522
6617
6820
6716
5601
6634
6678
6608
6869
7076
6987
7214
7004
7793
7523
7582
7089
7253
9048
8839
9102
9168
9125
9196
9267
9140
9309
9219
9317
9559
9353
9319
9663
9202
9613
9730
9628
8788
9938
9831
9776
9667
10288
9918
10048
10306
9841
10339
10114
9950
9963
11424
11326
11264
11721
11192
11244
11418
11197
11549
11384
11312
11551
11354
11515
11926
11867
12162
12451
12560
12825
12634
12594
12677
12801
12691
12551
12648
12739
12794
12982
13426
13357
13376
13795
13506
13740
13626
13712
13423
13493
13862
13806
4343
4747
4914
5136
5028
5346
5310
5211
5509
5480
5688
5944
5847
5654
5886
5887
6127
6387
6600
6852
6445
6540
6899
7116
7346
7158
6881
7947
7119
7853
7717
7953
8187
7895
7909
8305
8358
8108
8104
8180
8260
8219
8458
8436
8626
8530
8735
8592
8712
9353
9164
9507
9461
9280
9295
9488
9425
9576
9698
9752
9876
9680
9684
9638
9784
9752
9807
9811
9869
9857
10151
9944
9956
10432
9966
9906
10893
10646
10780
10842
10762
10608
11217
11227
10952
11458
11378
11420
11629
11348
11242
11877
11664
11277
11365
11488
12057
12261
12019
11781
4176
4363
4746
4683
4664
4768
5057
5214
5081
5101
5828
5909
5969
6009
5989
5775
6094
6132
6199
6409
6586
6426
6048
6520
5860
6597
6703
6842
6626
6813
6738
6762
6946
6818
6733
5553
6701
6687
6986
6685
7486
6871
7698
7543
7837
7856
8281
7647
7653
8179
8087
8239
8208
8280
8165
8209
8245
8295
8821
9104
9699
9641
9461
9681
10096
10095
10001
10129
10170
10551
10091
10072
9766
10742
10305
10449
10238
10306
10539
11261
11312
11185
11068
10933
11215
10909
11424
11128
11090
11152
11337
11227
11319
11512
11306
11824
11382
11968
12079
11706
3922
4295
4205
4631
4985
4923
4942
5119
5362
5277
5385
5664
5151
5621
5676
6128
6022
5884
6131
6217
6043
6349
6840
6623
7332
7268
6610
7080
7238
7170
7154
7299
7312
7291
7424
7406
6824
6886
7420
6964
7708
6921
6981
7823
8910
9081
8939
9120
9219
8983
9172
9071
9520
9019
9396
9774
9650
9846
10006
9708
9995
9909
10056
9318
9028
10114
10371
8539
9586
10301
10213
10087
10530
10587
10714
10271
10566
10490
10708
10766
11012
10578
11151
11122
10647
11214
10604
10700
11361
10549
10909
11351
11295
11091
11341
11546
11353
12423
11585
11526
3335
3501
4021
4183
4457
4460
4833
4879
5060
5522
5597
5622
5450
5448
5503
5741
5953
6036
6025
6098
6374
6437
6468
6484
6374
6448
6556
6467
6681
6584
6790
6869
6745
6854
6562
7969
7961
7938
8047
8425
8122
8286
8388
8376
8514
8843
8495
8760
8881
9241
9254
9505
9749
9718
9785
10169
10161
10173
10223
10073
10248
10091
10073
10391
10013
10030
10270
10610
10642
10517
10766
10690
10683
10784
10423
10952
11016
10874
11158
11325
11090
11469
11244
11550
11421
11564
11400
11427
11885
11611
11992
11732
11880
11768
11772
11156
12360
12007
12523
12269
4420
4591
5196
5078
5056
5322
5669
5529
6413
6652
6459
6483
6600
6977
6434
6593
6625
9184
8782
9254
9154
9384
9253
8974
9046
9167
9422
9070
9168
9271
9501
9781
9611
9418
9782
9855
10187
9727
10019
10663
10381
10762
10824
10909
10747
10676
11035
10944
10766
10214
11195
11379
10274
11115
11321
11294
11536
11102
11043
11446
11409
11390
11429
11479
11713
11501
11371
12129
12034
12161
12188
11933
12156
12049
12055
12243
12140
12007
12551
12315
12167
12129
12608
12605
12605
12644
12730
12865
12936
13357
13461
12947
12908
13081
13088
12980
13220
13257
13268
13693
4133
4369
4635
4869
4965
5290
5232
5455
5389
5459
5458
5646
5625
5428
6409
6307
6855
6851
6897
7047
7101
7003
7012
7121
7094
6789
7932
7932
7888
8122
8032
8204
8307
8314
8274
8387
8610
8033
8393
8301
8749
8434
8837
8720
8930
8770
8961
8982
9131
9124
9253
8347
8401
9914
9780
9734
10011
9851
9956
9949
9962
10071
10119
10062
10221
10402
10042
10534
8511
10503
10370
10409
10567
10458
10653
10580
10623
10701
10832
10832
10929
10890
11019
10958
11207
10985
11045
11286
10933
11436
11904
11956
11966
12047
12051
12095
12241
12381
12034
12188
3556
4373
4356
4283
5334
5159
5174
5238
5324
5479
5367
5562
5637
5516
5189
5966
5996
5824
5867
5748
5865
6246
5736
5800
5918
6168
5919
6063
6208
6095
6181
6131
6575
6624
6371
6628
6582
6447
7204
7547
7643
7901
7640
7866
7666
7599
7670
8052
8065
8142
7915
8075
8339
8583
8542
8749
8353
8499
8522
8818
8852
9061
8926
9119
9023
9044
9166
9423
9523
9610
9751
9628
9678
9842
9644
10201
10263
10042
10229
10303
10353
10341
10500
10491
10772
10688
10575
10710
10829
10885
11421
11484
12299
11928
12183
12326
12202
12264
12241
12584
4280
4771
4596
5334
5449
5527
5409
5521
5629
5760
5944
6093
6194
6288
6265
6179
6452
6325
6553
6569
6559
6602
6538
6701
6598
6720
6705
6704
6574
6686
6897
6712
6774
6980
7127
7184
7178
7258
7236
7415
7355
7380
7448
7399
7940
7867
7852
8281
8304
8379
8190
8442
8338
8462
8550
8475
8661
8633
9253
9274
9267
9239
8791
9323
9371
9368
9575
9430
9502
9437
9442
9489
9748
9752
9720
9593
9845
9930
9938
10041
9935
10339
10442
10194
10336
10350
10632
10519
10539
10649
10770
10772
10783
10745
10977
11025
11101
11072
11107
11175
