14783
14996
15709
20005
22509
24317
26716
27615
27681
28309
28176
28806
29129
29585
30234
30148
30794
31802
31693
32233
32701
33077
33702
33597
34022
34532
34992
35901
36776
37131
37032
37348
38038
38539
38677
38950
39186
39827
40007
40347
40650
41177
41429
42099
42527
42889
43800
43855
43908
44398
44539
45452
46157
46193
46493
46705
47647
48083
48604
48680
49225
49724
50258
50458
50909
51047
51365
51529
52136
52297
53145
53466
54048
54013
54334
54425
54740
55524
55374
56062
56394
56517
56895
57077
57976
57867
58500
59104
59324
59814
59987
59952
60672
61200
60981
61627
62094
62267
62623
63071
5886
5968
6345
6508
6573
6347
6806
6526
6773
6448
6926
5977
6530
6526
6442
7421
7377
6934
7071
6922
7028
7824
7524
8731
9043
8357
9021
9238
9231
9398
9213
9456
9088
9187
9370
9163
9643
10026
9702
9901
10225
10391
10197
10269
10691
10405
10428
10123
10474
10150
10106
11244
10703
10933
11383
10681
14116
14318
14034
15797
14156
16303
15937
15985
16321
16608
17000
16272
16564
16521
16791
14508
17085
17680
17300
17357
17485
17532
17328
17218
17680
17222
17836
17758
17842
18316
18088
17824
18229
17882
18499
18065
18297
18204
18295
18196
18402
18143
18102
18073
5069
4834
5883
5787
5505
5678
6144
5788
6534
6033
6277
6465
6740
6433
6913
6750
6756
6002
7084
7119
6329
7105
7928
7462
7675
7616
7611
7749
8243
8194
8201
8186
8239
8135
8371
8680
9102
9821
9748
10129
9930
9612
9703
10051
10047
10157
9931
10934
10841
10977
11428
9826
11268
11645
11460
11851
11267
11634
12518
12616
12123
12448
12751
12543
12138
12512
12273
12587
13114
12942
12220
12916
12905
13125
13110
13037
13078
13624
13278
13203
13545
13601
13225
13309
13387
13285
13533
13808
13784
13635
14245
14351
14217
14499
14259
14650
14487
14564
14576
14713
5775
5963
6637
6800
6585
6919
7046
7107
7332
7568
8048
7801
7801
8243
7794
7998
7898
7972
7956
8190
8040
8321
8458
8209
8661
8430
8441
8524
8476
9159
9184
9232
10654
10896
10515
10537
10572
10534
10654
10862
11150
10624
10751
10688
10804
10865
11496
11465
11197
11679
11576
11919
11884
12094
12220
12316
12463
12229
12355
12763
12682
12578
12456
13104
13152
13212
13773
13595
13640
13585
13783
13793
13719
13595
13493
13609
13832
14195
14227
14772
14651
15190
14868
14779
15145
15141
15380
15230
15380
15309
15410
16211
16490
16382
16353
16575
16406
16462
16992
17193
6328
7125
6935
6989
7231
7529
7944
7523
7920
7982
8022
8138
8629
8872
8401
8757
8778
8617
9168
8590
8882
8625
10296
10118
9865
10045
10450
10018
10788
10088
10329
10292
10824
10984
10881
11015
11044
11039
10805
11237
10873
11368
10804
10785
11585
11403
11483
11671
11501
11152
11704
11665
11965
12075
12070
11942
11498
12194
11837
12304
12735
12559
12990
12945
12811
12955
12825
13111
12927
13054
13343
13054
13382
13184
13746
13422
13197
13351
13699
13272
13555
13503
13679
13656
13810
13817
13600
13714
14122
14379
13878
14491
14368
14283
14305
14200
14243
14587
14548
14798
5458
6255
6332
6754
6848
7029
7488
7394
7522
7620
7931
7855
8020
7855
7850
8010
7814
7867
8186
8015
8040
8239
8445
8325
8511
8667
8724
8793
8676
8772
8845
8758
9176
9068
9082
9654
9369
9387
9826
9676
9836
10053
10056
10101
10334
10425
10549
10572
10573
10589
10623
10974
11157
11295
11000
11071
11122
11245
11158
11268
11960
11939
11866
11996
11832
11787
11920
12261
12277
12281
12261
12377
12355
12464
12376
12492
12668
12634
12730
12813
12809
12883
13244
13442
13551
14005
14215
14619
14280
14298
14373
14504
14632
15399
15387
15420
15113
15351
15449
15400
6140
6547
6505
6625
6893
7056
7093
6608
7465
7022
7253
7687
7388
7547
7544
8321
8880
8702
8972
9009
8867
8997
8863
8907
8895
8947
9028
8898
9080
8876
9320
9235
9621
9900
10139
9885
9808
9863
9839
9854
10220
10126
10146
10659
12163
12446
12765
12617
12706
12509
12791
12593
12571
12591
12632
12807
12721
12779
12650
13644
13729
13646
13798
14302
14394
14415
14216
14368
14259
14412
14258
14552
14589
14448
14376
14332
14812
15121
14995
15025
14938
15228
15154
15302
15233
15315
15436
15320
15194
15374
15448
15697
15504
15714
15805
15807
16021
15957
15719
15780
5630
5784
6350
5807
6480
6520
5688
6700
6001
6614
6174
6961
6914
6417
6495
6835
7498
8218
8177
8016
8264
8142
8782
7901
8109
8165
7988
8116
8289
8043
9263
8586
8689
9321
9305
9459
9327
8765
8825
9123
8850
9573
9570
9189
9804
9848
10801
10865
10741
11066
11276
10819
11562
11468
11015
11020
11027
11104
11753
11362
11279
11651
12183
12168
11692
12089
12435
12420
12308
12384
12467
12295
12215
12628
11976
12562
12579
12298
12749
12369
12069
13072
13267
13535
13480
13704
13757
13614
13799
13480
13998
13774
13690
13615
13405
13461
13125
14066
14265
14257
1583
2825
2984
4199
5202
5692
5909
5830
5394
6166
6465
6298
6839
7926
8027
7942
8382
8118
8225
8318
8694
9156
9050
9129
9163
9163
9285
8928
9198
9326
9095
9548
9672
9714
9779
9705
9882
10120
9187
10229
12344
12549
12606
12732
10648
10728
10754
12595
12569
12738
10874
13137
13009
11975
13310
13613
13306
13688
13759
13395
13937
13616
13478
14101
13973
13574
13748
14099
13721
14222
14825
14948
14986
14536
14572
14962
15053
14700
14727
14565
14466
14696
14588
15790
15409
15457
15176
15919
15976
15986
15964
15332
15968
15336
14296
15929
15511
15775
16396
15655
2921
3140
3880
3441
5274
5284
6104
6691
6943
7044
6936
6919
7520
7533
7441
7564
7800
7656
7661
7895
8260
8045
8085
8090
8126
8066
8359
8700
8359
9073
9299
10524
10953
11112
11063
10771
9528
11145
11113
11378
11042
11373
11190
11290
11999
11611
11806
11700
11573
12298
11599
12704
11765
12114
11993
11917
12112
12197
12769
13161
12982
13281
13116
13476
13258
13559
13363
13448
13728
13633
13479
13370
13723
13615
14008
14447
14501
14205
14462
14180
14397
14465
14416
14454
14404
14853
14612
15196
15437
15374
15149
15259
14984
15261
15382
15436
15500
15488
15459
15854
2448
3414
4626
4456
5777
6526
6526
6620
6012
6736
6351
6387
6478
6471
6395
6922
6610
6665
6859
7539
6029
7613
7236
7027
7233
7814
7542
7967
7998
7514
7500
8106
7621
7852
8286
7836
8463
9851
9796
9989
10062
10414
10194
10152
10413
10174
10524
10019
10333
10041
10115
10371
11860
11912
11918
11799
11697
11853
11626
11925
11951
12474
12271
12772
12395
12460
12340
12895
12579
12855
12655
13013
12685
12665
13107
12898
13370
12952
13288
13586
13632
13322
13651
13466
13596
13579
13460
13902
14015
14016
13798
14220
13873
13836
13603
14255
15117
15246
15212
15327
5457
5669
5906
6150
6736
6784
7057
7159
7577
7942
7978
7994
8237
8111
8118
8153
8458
8276
8331
8323
8201
8331
8710
8857
8973
9017
9386
9194
9219
9164
9461
9705
9477
10372
10474
10523
10442
10535
10503
10942
10989
11051
10449
10758
10801
11189
11105
11845
12024
12327
12336
12682
12273
12482
12395
12499
12545
12757
12791
13042
12570
12764
13526
13464
13436
13878
13919
13400
13851
14033
13649
14142
13467
14025
14277
14159
14549
14940
14979
15127
14865
14978
14967
15273
14984
15094
15406
15631
15284
15534
15021
16089
15915
15961
16094
16127
16478
16009
16224
16315
4656
6380
6277
6617
7218
7172
7240
7334
8195
8445
8466
7380
8611
8454
8294
8495
8784
8765
8774
8401
8771
8696
8830
8473
8748
8844
8565
8950
9012
8717
10109
9910
10599
10354
10291
10818
10279
10648
10631
10288
11046
10858
10260
11037
11125
10949
11099
11616
11357
11503
11599
11295
11293
11162
11190
11669
11124
11709
12034
11916
11885
11798
11748
11838
12297
11833
11983
12023
11748
12192
12025
11747
11929
12059
12465
12250
12399
12726
12440
12512
12668
12505
12496
13205
12922
12606
12869
13330
13206
13099
13853
13284
13499
13276
13472
13357
13696
13614
13500
13876
4755
5636
5646
5616
5512
6637
6635
6739
6875
6647
7050
7206
7157
7261
7086
7326
7566
8026
7597
7588
7660
7771
7974
8134
8179
8162
7897
8092
8302
8347
9039
9091
9228
9010
9426
9008
9351
9072
9255
9435
9226
9120
9136
9284
9828
10051
9795
9707
9912
10206
10020
10000
10341
10148
10603
10417
10313
10590
10697
11323
11510
11482
11658
11818
11682
11714
11775
11738
12405
12481
12724
12597
12759
12795
12704
13056
13095
12820
12758
12715
13255
12918
12893
13051
13106
13025
13200
13202
13136
13902
14014
13977
13989
14016
14402
14203
14361
14272
14358
14170
4595
4984
4677
4734
4783
5310
5579
5976
6233
6085
6198
6380
6447
6452
6283
6521
6593
6387
6685
6843
6718
7380
7193
7359
7363
7710
7384
7556
7610
7742
7554
7849
7537
7628
7740
8313
8602
8423
8562
8619
8860
8559
8549
8629
8642
8790
8985
8755
8768
8576
10021
10218
10623
10573
10415
10257
10851
10660
10055
10545
10690
10529
10895
10643
10745
12781
12548
12784
12857
12789
12892
12838
12671
12912
12878
13077
12969
12925
12947
12995
13317
13299
13122
14013
14028
14219
14188
14224
14224
14515
14520
14681
14699
14736
14535
14766
14774
14991
15427
15821
6572
6176
6203
6586
6691
6589
6748
7554
7231
7783
7643
7768
8010
7734
8255
8348
8088
8872
9066
8645
8643
8907
9752
10111
6564
9958
10369
10004
10150
11067
11020
10765
10571
11177
10831
11131
9208
12100
9947
11690
11592
10048
10399
11036
12331
12440
12184
12399
12261
12179
12234
12182
12738
12625
13026
12425
10602
13004
12753
11289
13523
12925
11534
13292
13508
11719
13788
11802
14072
13874
14117
13741
13856
12184
15166
14838
12893
15299
14992
14957
13150
15248
15011
15361
15349
15577
15208
13019
15532
15805
15591
15575
13881
15470
15571
16023
15893
15930
16410
15325
4790
5156
5167
5217
5304
5941
6281
6416
6642
6970
6670
6941
6946
6812
6860
6417
7257
7304
7144
7468
6962
7599
7516
7614
6979
7018
7896
9823
10599
9730
10426
10449
10204
10596
10275
10575
10974
10998
11271
11258
10943
11527
11043
11515
11507
11763
11318
11293
11663
12185
12077
12079
12168
12439
12318
12543
12367
12632
12161
12697
12568
12533
12853
12982
12967
13544
13252
13874
13945
13977
14050
14119
13701
14283
14103
13841
14369
13230
14516
14451
16123
16472
15925
16028
16521
16532
16680
16392
16898
16400
16820
16802
17052
17113
17084
17100
17149
17494
17649
17557
1361
2348
2632
3484
4179
5074
5646
5552
5657
5877
6208
6043
6368
6249
6529
5051
6996
6814
6928
7252
7000
7384
7122
7426
7386
7290
6541
7426
7707
7693
7807
7930
7965
8470
8466
8627
8427
8384
8339
8665
8667
8805
9074
8997
9107
10048
9785
9934
10114
9736
10105
9830
9847
9853
10343
10447
10420
9947
10093
10971
10858
11173
10815
9644
11439
10985
10985
11131
11180
11017
11040
10958
10777
11709
11975
11987
12043
12004
12162
12181
12052
12147
12487
11665
12312
12339
12513
12558
12884
13044
13440
11927
13536
13510
13578
13492
12690
13998
13670
12198
5168
6680
6374
6511
6748
6794
6855
7088
7097
7670
7146
7316
7189
7531
7627
8250
8118
8459
8556
8501
8172
8511
8322
8150
8294
8543
9285
8753
8939
9223
9999
9657
10152
11163
11216
10753
10788
10674
10642
11315
11042
11438
11131
12048
12513
11522
12104
12262
12766
12240
12505
12444
12271
12668
12158
12449
12123
13288
13052
12869
12507
13022
13006
12314
13001
12643
13200
13380
13331
13286
13437
13560
12904
13353
13811
13495
14067
13399
13838
13933
13418
13563
14213
14108
14165
14237
14020
14194
15498
15606
15023
15656
15871
15968
15358
15743
15563
15526
15408
16005
4837
4995
5896
6160
6226
6240
5923
6169
6319
6195
6321
6400
6437
6844
7113
6878
6841
7207
7264
7226
7018
7278
7044
7173
6783
8780
9953
8926
9766
9702
8937
10232
9797
9031
10025
9849
10221
9629
9695
9558
11501
11675
11601
11563
11713
11611
10518
10999
11765
12047
11251
11999
11580
11312
11933
12632
11608
11202
11606
12932
12800
13012
12924
12864
13344
13147
12922
13070
13551
14150
14202
14568
14593
14750
14541
14759
14771
14426
14869
14560
15067
15127
14508
15171
15354
14842
15662
15361
16101
15467
15959
16338
15853
16294
16270
16450
16497
15902
16901
16505
5015
5890
5487
5432
6262
5995
6397
7676
7308
7953
8025
7984
8097
8515
8611
8091
8245
8650
8610
8517
8787
8396
8642
8769
8878
8844
9403
8919
9217
9223
9119
8874
9459
9509
9583
9513
9705
9729
9809
9704
10098
9916
10107
10266
10194
10383
10415
13294
13642
13563
13498
13910
13787
13857
13869
13887
13799
14153
14104
13858
14187
14612
15677
15545
15615
15414
15763
15864
15766
15781
15961
15968
16042
15375
16129
15800
16164
16701
16749
16733
16815
16710
16915
17203
16953
17015
17406
17003
17405
17456
17350
17138
17135
17173
17342
17085
17538
17500
17494
17177
4185
3965
4499
5006
5061
5881
6312
5747
6157
6666
6398
6662
6270
7016
6814
6466
6815
6985
6448
6703
6700
6982
7358
7138
7012
7272
7066
7376
7684
7461
7355
7714
7768
7511
8000
7806
8013
7565
7915
7780
7779
7731
7903
8318
7903
8535
6962
9214
9535
9587
9695
9624
9646
9646
10145
9841
10302
10136
10012
10706
10243
10344
12103
12168
12123
12400
12123
12267
12215
12247
12433
12496
12412
12601
12541
12679
13136
13272
13401
13444
13466
13507
13540
13760
14006
13993
14253
13882
14103
13580
13853
13818
13979
13759
14068
14120
14318
13999
14295
14204
5625
6324
6848
6763
7165
7257
7239
7163
7610
7473
7566
7474
7611
7436
7684
9974
10134
10175
10160
10253
9964
10111
10154
10144
10325
10344
10532
10527
10646
10718
11116
11443
11685
11503
11488
11891
11647
11880
12133
11906
12061
12209
12243
12288
12539
12692
12825
12790
12657
12985
12782
12804
13122
12867
12941
13184
13465
13455
13588
13567
13674
13700
13712
13752
13775
13833
13837
13884
13954
13831
13907
13971
13935
13901
14982
14885
14906
15110
15239
15097
15139
14900
15223
15414
15229
15362
15485
15349
16086
15944
16197
16220
16050
16222
16077
16123
16239
16276
16332
16202
4209
5414
4396
5462
5114
5085
5947
5263
5908
5138
6137
5391
5361
5591
5875
7331
8067
7504
7949
7798
8306
8108
7993
8279
8660
8389
8391
9211
8902
9627
8957
8968
9146
9602
9932
9833
10295
9951
10248
10393
10086
9861
11165
11169
10742
11394
10580
10898
10639
11063
10968
10783
10782
10890
10705
11287
11317
11399
12594
11698
11668
12031
12828
12825
12533
12686
12786
12651
12618
13084
12549
12828
12790
12783
13043
12864
13178
13179
13397
13441
13385
13710
13845
13906
13716
13219
13843
13880
13828
13883
13322
14311
14257
14419
13988
13858
14436
14724
13939
14710
4796
5084
4855
5074
5049
5080
6009
5088
5750
5688
6425
6087
6363
6701
6504
7352
6879
6883
6911
6945
7211
7435
7642
7555
8095
7261
7811
7843
7903
7839
8138
7999
7012
9546
9567
10166
9833
9786
10552
10471
10487
11206
10798
10753
10803
11148
11136
10634
11185
11306
11576
10949
11493
11204
11459
12010
11500
11700
11351
11474
11433
11579
11402
11780
11559
11621
11725
11353
12049
11792
12393
12032
12139
12081
12368
11572
12525
12490
12267
12180
12458
12190
12423
12958
13482
13000
13382
13419
13142
13727
13126
13760
13261
13612
13387
13600
13833
13508
13480
13348
5567
5664
5675
5650
5903
5913
6049
5275
6086
5675
5801
5858
6511
6546
6377
7753
7612
7281
7278
7763
7485
7814
7805
8184
7339
7887
7537
7458
8215
7592
7644
7292
7340
8272
7826
8876
9728
9480
9015
9208
9215
9330
9365
9259
9521
9591
10236
10200
9986
9837
10494
12857
12569
12462
12894
12913
13005
13039
12587
12824
13215
13230
13145
13213
13200
13580
14384
13844
13852
13844
14821
13920
14775
14302
14048
14742
14591
14483
14747
14918
15203
15349
15123
15125
15109
15819
15775
15726
16055
15825
15656
16173
15655
16166
16580
16545
16777
16558
16591
16105
4675
5322
4977
5912
6217
5980
6371
6663
6618
6569
6996
6801
6978
6842
6849
7075
7095
6961
7120
6839
7267
7288
7359
7416
6991
7415
7451
9124
9205
9241
9366
9417
9405
9898
10006
9583
9699
10038
9801
9833
9722
9980
9995
10528
10718
10623
10598
11109
10827
11137
10983
10844
10879
11302
11169
11163
11234
11835
13177
13316
13499
13523
13478
13550
13555
13467
13668
13888
13863
13633
13790
13928
13953
15044
15291
15156
15466
15148
15727
15680
15309
15754
15324
15457
15878
15561
16013
16190
16726
16473
16568
16731
16480
16774
16714
16937
16866
16930
17115
17147
5119
5557
6250
6279
6625
7298
7501
7246
7811
7568
7366
7812
7917
7811
7376
8689
8634
8914
8882
8971
8887
9041
8694
9146
9642
10837
10756
10408
10950
11112
12186
12060
11881
11895
11990
12095
12246
12185
12219
12430
12242
12297
12178
12132
12567
12825
12738
12646
12872
12876
12971
12812
13080
12872
13217
13324
13177
13519
13435
13824
13739
13631
13681
13595
13936
14206
14052
14007
13981
13994
14046
14183
14257
14539
14773
14790
14825
14667
14805
14741
14936
15469
15419
15381
15381
15463
15690
15713
15393
15461
15928
15771
15788
16256
15954
16008
16088
16778
16916
17056
5450
5765
5987
5946
5528
6423
6671
6431
6434
8414
7899
8812
8125
8458
8739
7792
8161
8315
8481
8480
8471
8594
8448
8657
9161
8986
9154
8784
8767
9010
8568
8905
9006
8687
8740
9196
9430
9368
9407
9742
9554
9641
9352
8876
9118
9584
9881
10076
10078
10082
9870
10033
10416
9982
11685
11355
11646
11790
11485
11616
11789
11825
11756
12186
12381
12701
12499
11949
12730
12812
13414
13542
13336
12973
13560
13263
13177
13558
13499
13411
13677
13835
13181
14282
14744
14449
14497
14467
14410
14575
14629
14881
14770
14837
15030
15046
14760
15207
15680
15699
4955
5353
5490
5680
6105
6070
6783
6991
6722
7149
7164
7240
7227
7585
7225
7252
7535
7599
8006
8081
7927
7852
7865
7971
7713
8235
8370
7919
8128
7951
8273
8325
8913
9081
9099
8875
9302
9595
9452
9270
9472
9824
9977
9961
10370
9993
10333
11126
11110
11155
11055
11518
11427
11786
11849
11686
11769
12102
11695
11977
11940
13928
13567
13586
13920
13979
14164
13849
13921
13806
14028
14388
13928
14654
14800
14890
15303
15531
15448
15418
15494
15524
15928
15613
15523
15435
15895
15782
15998
16399
16464
16503
16377
16607
16747
16666
16585
16730
16629
16848
4160
4666
4813
5019
4900
5233
5020
5305
5483
5622
5511
5566
5557
5919
6130
6076
6342
6474
6585
6751
6391
6448
6747
6791
6486
6755
6628
7050
6835
7754
8085
8133
8123
8096
8160
8098
8225
8125
8292
8048
8275
8030
8320
8471
8852
9092
8975
9133
9001
9078
9153
9519
9257
9936
9860
9942
9963
10013
9998
10235
10180
10245
10249
10285
10405
10389
10328
10441
10830
11073
10925
10912
11008
11147
11157
11178
11300
11339
11558
11169
11728
11394
11789
11698
12070
12058
12104
11896
11993
12115
12057
12174
12207
12184
12263
12270
12342
12521
12627
305158
